::ffff:127.0.0.1 - - [11/Jun/2026 10:13:48] "GET / HTTP/1.1" 200 -
::ffff:127.0.0.1 - - [11/Jun/2026 10:13:57] "GET / HTTP/1.1" 200 -
::ffff:127.0.0.1 - - [11/Jun/2026 10:15:01] "GET / HTTP/1.1" 200 -
::ffff:127.0.0.1 - - [11/Jun/2026 10:15:01] "GET /sound.js HTTP/1.1" 200 -
----------------------------------------
::ffff:127.0.0.1 - - [11/Jun/2026 10:15:01] "GET /sound.js HTTP/1.1" 200 -
Exception occurred during processing of request from ('::ffff:127.0.0.1', 54376, 0, 0)
::ffff:127.0.0.1 - - [11/Jun/2026 10:15:02] "GET /Color_Jewel.contract.json HTTP/1.1" 200 -
::ffff:127.0.0.1 - - [11/Jun/2026 10:15:02] "GET /scene-renderer.js HTTP/1.1" 200 -
Traceback (most recent call last):
::ffff:127.0.0.1 - - [11/Jun/2026 10:15:02] code 404, message File not found
  File "C:\Users\USER\AppData\Local\Programs\Python\Python310\lib\socketserver.py", line 683, in process_request_thread
    self.finish_request(request, client_address)
::ffff:127.0.0.1 - - [11/Jun/2026 10:15:02] "GET /src/assets/circle1.png HTTP/1.1" 200 -
::ffff:127.0.0.1 - - [11/Jun/2026 10:15:02] "GET /src/assets/PictoIcon_Setting_1.webp HTTP/1.1" 200 -
::ffff:127.0.0.1 - - [11/Jun/2026 10:15:02] "GET /favicon.ico HTTP/1.1" 404 -
  File "C:\Users\USER\AppData\Local\Programs\Python\Python310\lib\http\server.py", line 1294, in finish_request
    self.RequestHandlerClass(request, client_address, self,
  File "C:\Users\USER\AppData\Local\Programs\Python\Python310\lib\http\server.py", line 658, in __init__
    super().__init__(*args, **kwargs)
  File "C:\Users\USER\AppData\Local\Programs\Python\Python310\lib\socketserver.py", line 747, in __init__
    self.handle()
  File "C:\Users\USER\AppData\Local\Programs\Python\Python310\lib\http\server.py", line 432, in handle
    self.handle_one_request()
  File "C:\Users\USER\AppData\Local\Programs\Python\Python310\lib\http\server.py", line 420, in handle_one_request
    method()
  File "C:\Users\USER\AppData\Local\Programs\Python\Python310\lib\http\server.py", line 665, in do_GET
    self.copyfile(f, self.wfile)
  File "C:\Users\USER\AppData\Local\Programs\Python\Python310\lib\http\server.py", line 865, in copyfile
    shutil.copyfileobj(source, outputfile)
  File "C:\Users\USER\AppData\Local\Programs\Python\Python310\lib\shutil.py", line 198, in copyfileobj
    fdst_write(buf)
  File "C:\Users\USER\AppData\Local\Programs\Python\Python310\lib\socketserver.py", line 826, in write
    self._sock.sendall(b)
::ffff:127.0.0.1 - - [11/Jun/2026 10:15:02] "GET /src/assets/PictoIcon_Player_Play.Png HTTP/1.1" 200 -
ConnectionAbortedError: [WinError 10053] ÇöŔç ż¬°áŔş »çżëŔÚŔÇ ČŁ˝şĆ® ˝Ă˝şĹŰŔÇ ĽŇÇÁĆ®żţľîŔÇ ŔÇÇŘ Áß´ÜµÇľú˝Ŕ´Ď´Ů
::ffff:127.0.0.1 - - [11/Jun/2026 10:15:02] "GET /src/assets/clean.png HTTP/1.1" 200 -
::ffff:127.0.0.1 - - [11/Jun/2026 10:15:02] "GET /src/assets/magic.png HTTP/1.1" 200 -
::ffff:127.0.0.1 - - [11/Jun/2026 10:15:02] "GET /src/assets/rock.png HTTP/1.1" 200 -
----------------------------------------
::ffff:127.0.0.1 - - [11/Jun/2026 10:15:05] "GET /src/assets/jewel.png HTTP/1.1" 200 -
::ffff:127.0.0.1 - - [11/Jun/2026 10:15:10] code 404, message File not found
::ffff:127.0.0.1 - - [11/Jun/2026 10:15:10] "GET /favicon.ico HTTP/1.1" 404 -
::ffff:127.0.0.1 - - [11/Jun/2026 10:16:16] "GET /setting.contract.json HTTP/1.1" 200 -
::ffff:127.0.0.1 - - [11/Jun/2026 10:16:16] "GET /src/assets/PictoIcon_Sfx_On.Png HTTP/1.1" 200 -
::ffff:127.0.0.1 - - [11/Jun/2026 10:16:16] "GET /src/assets/PictoIcon_Sfx_Off.Png HTTP/1.1" 200 -
::ffff:127.0.0.1 - - [11/Jun/2026 10:16:16] "GET /src/assets/PictoIcon_Music_On.Png HTTP/1.1" 200 -
::ffff:127.0.0.1 - - [11/Jun/2026 10:16:16] "GET /src/assets/PictoIcon_Music_Off.Png HTTP/1.1" 200 -
::ffff:127.0.0.1 - - [11/Jun/2026 10:16:16] "GET /src/assets/Haptics_off.png HTTP/1.1" 200 -
::ffff:127.0.0.1 - - [11/Jun/2026 10:16:16] "GET /src/assets/Haptics.png HTTP/1.1" 200 -
::1 - - [11/Jun/2026 10:28:40] "GET / HTTP/1.1" 200 -
::1 - - [11/Jun/2026 10:28:41] "GET /sound.js HTTP/1.1" 200 -
::1 - - [11/Jun/2026 10:28:42] "GET /Color_Jewel.contract.json HTTP/1.1" 200 -
::1 - - [11/Jun/2026 10:28:42] "GET /scene-renderer.js HTTP/1.1" 200 -
::1 - - [11/Jun/2026 10:28:42] code 404, message File not found
::1 - - [11/Jun/2026 10:28:42] "GET /favicon.ico HTTP/1.1" 404 -
::1 - - [11/Jun/2026 10:28:43] code 404, message File not found
::1 - - [11/Jun/2026 10:28:43] "GET /favicon.ico HTTP/1.1" 404 -
::1 - - [11/Jun/2026 10:28:43] "GET /src/assets/PictoIcon_Setting_1.webp HTTP/1.1" 200 -
::1 - - [11/Jun/2026 10:28:43] "GET /src/assets/PictoIcon_Player_Play.Png HTTP/1.1" 200 -
::1 - - [11/Jun/2026 10:28:43] "GET /src/assets/rock.png HTTP/1.1" 200 -
::1 - - [11/Jun/2026 10:28:43] "GET /src/assets/magic.png HTTP/1.1" 200 -
::1 - - [11/Jun/2026 10:28:43] "GET /src/assets/circle1.png HTTP/1.1" 200 -
::1 - - [11/Jun/2026 10:28:43] "GET /src/assets/clean.png HTTP/1.1" 200 -
::1 - - [11/Jun/2026 10:28:46] "GET /src/assets/jewel.png HTTP/1.1" 200 -
::1 - - [11/Jun/2026 10:28:53] "GET / HTTP/1.1" 200 -
::1 - - [11/Jun/2026 10:28:54] code 404, message File not found
::1 - - [11/Jun/2026 10:28:54] "GET /favicon.ico HTTP/1.1" 404 -
::1 - - [11/Jun/2026 10:28:59] "GET /setting.contract.json HTTP/1.1" 200 -
::1 - - [11/Jun/2026 10:28:59] "GET /src/assets/PictoIcon_Sfx_On.Png HTTP/1.1" 200 -
::1 - - [11/Jun/2026 10:28:59] "GET /src/assets/PictoIcon_Sfx_Off.Png HTTP/1.1" 200 -
::1 - - [11/Jun/2026 10:28:59] "GET /src/assets/PictoIcon_Music_On.Png HTTP/1.1" 200 -
::1 - - [11/Jun/2026 10:28:59] "GET /src/assets/Haptics_off.png HTTP/1.1" 200 -
::1 - - [11/Jun/2026 10:28:59] "GET /src/assets/PictoIcon_Music_Off.Png HTTP/1.1" 200 -
::1 - - [11/Jun/2026 10:28:59] "GET /src/assets/Haptics.png HTTP/1.1" 200 -
::1 - - [11/Jun/2026 10:29:35] "GET / HTTP/1.1" 200 -
::1 - - [11/Jun/2026 10:29:46] "GET / HTTP/1.1" 200 -
::1 - - [11/Jun/2026 10:29:46] "GET /sound.js HTTP/1.1" 200 -
::1 - - [11/Jun/2026 10:29:46] "GET /scene-renderer.js HTTP/1.1" 200 -
::1 - - [11/Jun/2026 10:29:46] "GET /Color_Jewel.contract.json HTTP/1.1" 200 -
::1 - - [11/Jun/2026 10:29:47] "GET /src/assets/circle1.png HTTP/1.1" 200 -
::1 - - [11/Jun/2026 10:29:47] "GET /src/assets/PictoIcon_Setting_1.webp HTTP/1.1" 200 -
::1 - - [11/Jun/2026 10:29:47] "GET /src/assets/rock.png HTTP/1.1" 200 -
::1 - - [11/Jun/2026 10:29:47] "GET /src/assets/clean.png HTTP/1.1" 200 -
::1 - - [11/Jun/2026 10:29:47] "GET /src/assets/PictoIcon_Player_Play.Png HTTP/1.1" 200 -
::1 - - [11/Jun/2026 10:29:47] "GET /src/assets/magic.png HTTP/1.1" 200 -
::1 - - [11/Jun/2026 10:29:49] "GET /src/assets/jewel.png HTTP/1.1" 304 -
::1 - - [11/Jun/2026 10:30:04] "GET / HTTP/1.1" 200 -
::1 - - [11/Jun/2026 10:30:04] "GET /sound.js HTTP/1.1" 200 -
::1 - - [11/Jun/2026 10:30:05] "GET /scene-renderer.js HTTP/1.1" 200 -
::1 - - [11/Jun/2026 10:30:05] "GET /Color_Jewel.contract.json HTTP/1.1" 200 -
::1 - - [11/Jun/2026 10:30:05] code 404, message File not found
::1 - - [11/Jun/2026 10:30:05] "GET /favicon.ico HTTP/1.1" 404 -
::1 - - [11/Jun/2026 10:30:05] "GET /src/assets/PictoIcon_Setting_1.webp HTTP/1.1" 200 -
::1 - - [11/Jun/2026 10:30:05] "GET /src/assets/magic.png HTTP/1.1" 200 -
::1 - - [11/Jun/2026 10:30:05] "GET /src/assets/PictoIcon_Player_Play.Png HTTP/1.1" 200 -
::1 - - [11/Jun/2026 10:30:05] "GET /src/assets/rock.png HTTP/1.1" 200 -
::1 - - [11/Jun/2026 10:30:05] "GET /src/assets/clean.png HTTP/1.1" 200 -
::1 - - [11/Jun/2026 10:30:05] "GET /src/assets/circle1.png HTTP/1.1" 200 -
::1 - - [11/Jun/2026 10:30:05] code 404, message File not found
::1 - - [11/Jun/2026 10:30:05] "GET /favicon.ico HTTP/1.1" 404 -
::1 - - [11/Jun/2026 10:30:08] "GET /src/assets/jewel.png HTTP/1.1" 200 -
::1 - - [11/Jun/2026 10:38:40] "GET / HTTP/1.1" 200 -
::1 - - [11/Jun/2026 10:38:40] "GET /sound.js HTTP/1.1" 304 -
::1 - - [11/Jun/2026 10:38:41] "GET /scene-renderer.js HTTP/1.1" 304 -
::1 - - [11/Jun/2026 10:38:41] "GET /Color_Jewel.contract.json HTTP/1.1" 200 -
::1 - - [11/Jun/2026 10:38:41] "GET /src/assets/PictoIcon_Setting_1.webp HTTP/1.1" 304 -
::1 - - [11/Jun/2026 10:38:41] "GET /src/assets/PictoIcon_Player_Play.Png HTTP/1.1" 304 -
::1 - - [11/Jun/2026 10:38:52] "GET /setting.contract.json HTTP/1.1" 200 -
::1 - - [11/Jun/2026 10:38:53] "GET /src/assets/PictoIcon_Music_Off.Png HTTP/1.1" 200 -
::1 - - [11/Jun/2026 10:38:53] "GET /src/assets/Haptics.png HTTP/1.1" 200 -
::1 - - [11/Jun/2026 10:38:53] "GET /src/assets/PictoIcon_Sfx_Off.Png HTTP/1.1" 200 -
::1 - - [11/Jun/2026 10:38:53] "GET /src/assets/PictoIcon_Music_On.Png HTTP/1.1" 200 -
::1 - - [11/Jun/2026 10:38:53] "GET /src/assets/PictoIcon_Sfx_On.Png HTTP/1.1" 200 -
::1 - - [11/Jun/2026 10:38:53] "GET /src/assets/Haptics_off.png HTTP/1.1" 200 -
::1 - - [11/Jun/2026 10:39:51] "GET / HTTP/1.1" 200 -
::1 - - [11/Jun/2026 10:45:29] "GET / HTTP/1.1" 200 -
::1 - - [11/Jun/2026 10:45:30] "GET /sound.js HTTP/1.1" 304 -
::1 - - [11/Jun/2026 10:45:30] "GET /Color_Jewel.contract.json HTTP/1.1" 200 -
::1 - - [11/Jun/2026 10:45:30] "GET /scene-renderer.js HTTP/1.1" 304 -
::1 - - [11/Jun/2026 10:45:30] "GET /src/assets/PictoIcon_Setting_1.webp HTTP/1.1" 304 -
::1 - - [11/Jun/2026 10:45:30] "GET /src/assets/PictoIcon_Player_Play.Png HTTP/1.1" 304 -
::1 - - [11/Jun/2026 10:45:44] "GET /Stage_Clear.contract.json HTTP/1.1" 200 -
::1 - - [11/Jun/2026 10:45:44] "GET /src/assets/label.png HTTP/1.1" 200 -
::1 - - [11/Jun/2026 10:51:08] "GET / HTTP/1.1" 200 -
::1 - - [11/Jun/2026 10:51:08] "GET /sound.js HTTP/1.1" 304 -
::1 - - [11/Jun/2026 10:51:08] "GET /scene-renderer.js HTTP/1.1" 304 -
::1 - - [11/Jun/2026 10:51:08] "GET /Color_Jewel.contract.json HTTP/1.1" 200 -
::1 - - [11/Jun/2026 10:51:09] "GET /src/assets/PictoIcon_Player_Play.Png HTTP/1.1" 304 -
::1 - - [11/Jun/2026 10:51:09] "GET /src/assets/PictoIcon_Setting_1.webp HTTP/1.1" 304 -
::1 - - [11/Jun/2026 10:51:11] "GET /setting.contract.json HTTP/1.1" 200 -
::1 - - [11/Jun/2026 10:51:11] "GET /src/assets/PictoIcon_Sfx_On.Png HTTP/1.1" 304 -
::1 - - [11/Jun/2026 10:51:11] "GET /src/assets/Haptics.png HTTP/1.1" 304 -
::1 - - [11/Jun/2026 10:51:11] "GET /src/assets/PictoIcon_Sfx_Off.Png HTTP/1.1" 304 -
::1 - - [11/Jun/2026 10:51:11] "GET /src/assets/PictoIcon_Music_On.Png HTTP/1.1" 304 -
::1 - - [11/Jun/2026 10:51:11] "GET /src/assets/Haptics_off.png HTTP/1.1" 304 -
::1 - - [11/Jun/2026 10:51:11] "GET /src/assets/PictoIcon_Music_Off.Png HTTP/1.1" 304 -
::1 - - [11/Jun/2026 10:51:51] "GET /Stage_Clear.contract.json HTTP/1.1" 200 -
::1 - - [11/Jun/2026 10:51:51] "GET /src/assets/label.png HTTP/1.1" 304 -
::1 - - [11/Jun/2026 10:58:00] "GET / HTTP/1.1" 200 -
::1 - - [11/Jun/2026 10:58:01] "GET /sound.js HTTP/1.1" 304 -
::1 - - [11/Jun/2026 10:58:01] "GET /scene-renderer.js HTTP/1.1" 304 -
::1 - - [11/Jun/2026 10:58:01] "GET /Color_Jewel.contract.json HTTP/1.1" 200 -
::1 - - [11/Jun/2026 10:58:01] "GET /src/assets/PictoIcon_Player_Play.Png HTTP/1.1" 304 -
::1 - - [11/Jun/2026 10:58:01] "GET /src/assets/PictoIcon_Setting_1.webp HTTP/1.1" 304 -
::1 - - [11/Jun/2026 11:01:09] code 404, message File not found
::1 - - [11/Jun/2026 11:01:09] "GET /favicon.ico HTTP/1.1" 404 -
::1 - - [11/Jun/2026 11:01:29] "GET /Stage_Clear.contract.json HTTP/1.1" 200 -
::1 - - [11/Jun/2026 11:01:29] "GET /src/assets/label.png HTTP/1.1" 200 -
::ffff:127.0.0.1 - - [11/Jun/2026 11:03:59] "GET / HTTP/1.1" 200 -
::ffff:127.0.0.1 - - [11/Jun/2026 11:04:00] "GET /sound.js HTTP/1.1" 304 -
::ffff:127.0.0.1 - - [11/Jun/2026 11:04:00] "GET /scene-renderer.js HTTP/1.1" 200 -
::ffff:127.0.0.1 - - [11/Jun/2026 11:04:00] "GET /Color_Jewel.contract.json HTTP/1.1" 200 -
::ffff:127.0.0.1 - - [11/Jun/2026 11:04:00] "GET /src/assets/PictoIcon_Setting_1.webp HTTP/1.1" 304 -
::ffff:127.0.0.1 - - [11/Jun/2026 11:04:00] "GET /src/assets/PictoIcon_Player_Play.Png HTTP/1.1" 304 -
::1 - - [11/Jun/2026 11:06:15] "GET / HTTP/1.1" 200 -
::1 - - [11/Jun/2026 11:06:15] "GET /sound.js HTTP/1.1" 200 -
::1 - - [11/Jun/2026 11:06:16] "GET /scene-renderer.js HTTP/1.1" 200 -
::1 - - [11/Jun/2026 11:06:16] "GET /Color_Jewel.contract.json HTTP/1.1" 200 -
::1 - - [11/Jun/2026 11:06:16] code 404, message File not found
::1 - - [11/Jun/2026 11:06:16] "GET /favicon.ico HTTP/1.1" 404 -
::1 - - [11/Jun/2026 11:06:16] "GET /src/assets/PictoIcon_Setting_1.webp HTTP/1.1" 200 -
::1 - - [11/Jun/2026 11:06:16] "GET /src/assets/clean.png HTTP/1.1" 200 -
::1 - - [11/Jun/2026 11:06:16] "GET /src/assets/magic.png HTTP/1.1" 200 -
::1 - - [11/Jun/2026 11:06:16] "GET /src/assets/PictoIcon_Player_Play.Png HTTP/1.1" 200 -
::1 - - [11/Jun/2026 11:06:16] "GET /src/assets/rock.png HTTP/1.1" 200 -
::1 - - [11/Jun/2026 11:06:16] "GET /src/assets/circle1.png HTTP/1.1" 200 -
::1 - - [11/Jun/2026 11:06:16] "GET /src/assets/jewel.png HTTP/1.1" 200 -
::1 - - [11/Jun/2026 11:06:26] "GET /setting.contract.json HTTP/1.1" 200 -
::1 - - [11/Jun/2026 11:06:26] "GET /src/assets/PictoIcon_Sfx_On.Png HTTP/1.1" 200 -
::1 - - [11/Jun/2026 11:06:26] "GET /src/assets/PictoIcon_Sfx_Off.Png HTTP/1.1" 200 -
::1 - - [11/Jun/2026 11:06:26] "GET /src/assets/Haptics.png HTTP/1.1" 200 -
::1 - - [11/Jun/2026 11:06:26] "GET /src/assets/Haptics_off.png HTTP/1.1" 200 -
::1 - - [11/Jun/2026 11:06:26] "GET /src/assets/PictoIcon_Music_Off.Png HTTP/1.1" 200 -
::1 - - [11/Jun/2026 11:06:26] "GET /src/assets/PictoIcon_Music_On.Png HTTP/1.1" 200 -
::1 - - [11/Jun/2026 11:07:05] "GET / HTTP/1.1" 200 -
::1 - - [11/Jun/2026 11:07:05] "GET /sound.js HTTP/1.1" 200 -
::1 - - [11/Jun/2026 11:07:06] "GET /scene-renderer.js HTTP/1.1" 200 -
::1 - - [11/Jun/2026 11:07:06] "GET /Color_Jewel.contract.json HTTP/1.1" 200 -
::1 - - [11/Jun/2026 11:07:06] code 404, message File not found
::1 - - [11/Jun/2026 11:07:06] "GET /favicon.ico HTTP/1.1" 404 -
::1 - - [11/Jun/2026 11:07:06] "GET /src/assets/clean.png HTTP/1.1" 200 -
::1 - - [11/Jun/2026 11:07:06] "GET /src/assets/magic.png HTTP/1.1" 200 -
::1 - - [11/Jun/2026 11:07:06] "GET /src/assets/PictoIcon_Player_Play.Png HTTP/1.1" 200 -
::1 - - [11/Jun/2026 11:07:06] "GET /src/assets/rock.png HTTP/1.1" 200 -
::1 - - [11/Jun/2026 11:07:06] "GET /src/assets/PictoIcon_Setting_1.webp HTTP/1.1" 200 -
::1 - - [11/Jun/2026 11:07:06] "GET /src/assets/circle1.png HTTP/1.1" 200 -
::1 - - [11/Jun/2026 11:07:06] "GET /src/assets/jewel.png HTTP/1.1" 200 -
::ffff:127.0.0.1 - - [11/Jun/2026 11:11:57] "GET / HTTP/1.1" 200 -
::ffff:127.0.0.1 - - [11/Jun/2026 11:11:58] "GET /sound.js HTTP/1.1" 304 -
::ffff:127.0.0.1 - - [11/Jun/2026 11:11:58] "GET /scene-renderer.js HTTP/1.1" 304 -
::ffff:127.0.0.1 - - [11/Jun/2026 11:11:58] "GET /Color_Jewel.contract.json HTTP/1.1" 200 -
::ffff:127.0.0.1 - - [11/Jun/2026 11:11:58] "GET /src/assets/PictoIcon_Setting_1.webp HTTP/1.1" 304 -
::ffff:127.0.0.1 - - [11/Jun/2026 11:11:58] "GET /src/assets/PictoIcon_Player_Play.Png HTTP/1.1" 304 -
::1 - - [11/Jun/2026 11:12:19] "GET / HTTP/1.1" 200 -
::1 - - [11/Jun/2026 11:12:19] "GET /sound.js HTTP/1.1" 200 -
::1 - - [11/Jun/2026 11:12:20] "GET /scene-renderer.js HTTP/1.1" 200 -
::1 - - [11/Jun/2026 11:12:20] "GET /Color_Jewel.contract.json HTTP/1.1" 200 -
::1 - - [11/Jun/2026 11:12:20] code 404, message File not found
::1 - - [11/Jun/2026 11:12:20] "GET /favicon.ico HTTP/1.1" 404 -
::1 - - [11/Jun/2026 11:12:20] "GET /src/assets/PictoIcon_Setting_1.webp HTTP/1.1" 200 -
::1 - - [11/Jun/2026 11:12:20] "GET /src/assets/PictoIcon_Player_Play.Png HTTP/1.1" 200 -
::1 - - [11/Jun/2026 11:12:20] "GET /src/assets/rock.png HTTP/1.1" 200 -
::1 - - [11/Jun/2026 11:12:20] "GET /src/assets/clean.png HTTP/1.1" 200 -
::1 - - [11/Jun/2026 11:12:20] "GET /src/assets/magic.png HTTP/1.1" 200 -
::1 - - [11/Jun/2026 11:12:20] "GET /src/assets/circle1.png HTTP/1.1" 200 -
::1 - - [11/Jun/2026 11:12:20] "GET /src/assets/jewel.png HTTP/1.1" 200 -
::1 - - [11/Jun/2026 11:12:24] "GET /setting.contract.json HTTP/1.1" 200 -
::1 - - [11/Jun/2026 11:12:24] "GET /src/assets/PictoIcon_Sfx_On.Png HTTP/1.1" 200 -
::1 - - [11/Jun/2026 11:12:24] "GET /src/assets/PictoIcon_Music_On.Png HTTP/1.1" 200 -
::1 - - [11/Jun/2026 11:12:24] "GET /src/assets/PictoIcon_Music_Off.Png HTTP/1.1" 200 -
::1 - - [11/Jun/2026 11:12:24] "GET /src/assets/PictoIcon_Sfx_Off.Png HTTP/1.1" 200 -
::1 - - [11/Jun/2026 11:12:24] "GET /src/assets/Haptics.png HTTP/1.1" 200 -
::1 - - [11/Jun/2026 11:12:24] "GET /src/assets/Haptics_off.png HTTP/1.1" 200 -
::ffff:127.0.0.1 - - [11/Jun/2026 11:14:27] "GET / HTTP/1.1" 200 -
::ffff:127.0.0.1 - - [11/Jun/2026 11:14:27] "GET /Color_Jewel.contract.json HTTP/1.1" 200 -
::ffff:127.0.0.1 - - [11/Jun/2026 11:14:28] "GET /scene-renderer.js HTTP/1.1" 304 -
::1 - - [11/Jun/2026 11:19:53] "GET /src/assets/label.png HTTP/1.1" 304 -
::ffff:127.0.0.1 - - [11/Jun/2026 11:27:07] "GET / HTTP/1.1" 200 -
::ffff:127.0.0.1 - - [11/Jun/2026 11:27:08] "GET /sound.js HTTP/1.1" 304 -
::ffff:127.0.0.1 - - [11/Jun/2026 11:27:08] "GET /scene-renderer.js HTTP/1.1" 304 -
::ffff:127.0.0.1 - - [11/Jun/2026 11:27:08] "GET /Color_Jewel.contract.json HTTP/1.1" 200 -
::ffff:127.0.0.1 - - [11/Jun/2026 11:27:08] "GET /src/assets/PictoIcon_Setting_1.webp HTTP/1.1" 304 -
::ffff:127.0.0.1 - - [11/Jun/2026 11:27:08] "GET /src/assets/PictoIcon_Player_Play.Png HTTP/1.1" 304 -
::ffff:127.0.0.1 - - [11/Jun/2026 11:27:08] "GET /src/assets/jewel_soket.webp HTTP/1.1" 200 -
::ffff:127.0.0.1 - - [11/Jun/2026 11:28:29] "GET / HTTP/1.1" 200 -
::ffff:127.0.0.1 - - [11/Jun/2026 11:28:30] "GET /Color_Jewel.contract.json HTTP/1.1" 200 -
::ffff:127.0.0.1 - - [11/Jun/2026 11:28:30] "GET /src/assets/jewel_soket.webp HTTP/1.1" 304 -
::ffff:127.0.0.1 - - [11/Jun/2026 11:32:53] "GET / HTTP/1.1" 200 -
::ffff:127.0.0.1 - - [11/Jun/2026 11:32:53] "GET /scene-renderer.js HTTP/1.1" 304 -
::ffff:127.0.0.1 - - [11/Jun/2026 11:32:53] "GET /Color_Jewel.contract.json HTTP/1.1" 200 -
::ffff:127.0.0.1 - - [11/Jun/2026 11:32:54] "GET /src/assets/jewel_soket.png HTTP/1.1" 200 -
::ffff:127.0.0.1 - - [11/Jun/2026 11:39:22] "GET / HTTP/1.1" 304 -
::ffff:127.0.0.1 - - [11/Jun/2026 11:39:22] "GET /sound.js HTTP/1.1" 304 -
::ffff:127.0.0.1 - - [11/Jun/2026 11:39:22] "GET /scene-renderer.js HTTP/1.1" 304 -
::ffff:127.0.0.1 - - [11/Jun/2026 11:39:22] "GET /Color_Jewel.contract.json HTTP/1.1" 200 -
::ffff:127.0.0.1 - - [11/Jun/2026 11:39:23] "GET /src/assets/PictoIcon_Setting_1.webp HTTP/1.1" 304 -
::ffff:127.0.0.1 - - [11/Jun/2026 11:39:23] "GET /src/assets/PictoIcon_Player_Play.Png HTTP/1.1" 304 -
::ffff:127.0.0.1 - - [11/Jun/2026 11:39:23] "GET /src/assets/jewel_soket.png HTTP/1.1" 304 -
::ffff:127.0.0.1 - - [11/Jun/2026 11:39:58] "GET / HTTP/1.1" 304 -
::ffff:127.0.0.1 - - [11/Jun/2026 11:39:58] "GET /Color_Jewel.contract.json HTTP/1.1" 200 -
::ffff:127.0.0.1 - - [11/Jun/2026 11:40:01] "GET / HTTP/1.1" 304 -
::ffff:127.0.0.1 - - [11/Jun/2026 11:40:01] "GET /Color_Jewel.contract.json HTTP/1.1" 200 -
::ffff:127.0.0.1 - - [11/Jun/2026 11:40:02] "GET / HTTP/1.1" 304 -
::ffff:127.0.0.1 - - [11/Jun/2026 11:40:02] "GET /Color_Jewel.contract.json HTTP/1.1" 200 -
::ffff:127.0.0.1 - - [11/Jun/2026 11:40:13] "GET / HTTP/1.1" 304 -
::ffff:127.0.0.1 - - [11/Jun/2026 11:40:13] "GET /Color_Jewel.contract.json HTTP/1.1" 200 -
::ffff:127.0.0.1 - - [11/Jun/2026 11:40:13] "GET /src/assets/jewel_soket.png HTTP/1.1" 304 -
::ffff:127.0.0.1 - - [11/Jun/2026 11:40:17] code 404, message File not found
::ffff:127.0.0.1 - - [11/Jun/2026 11:40:17] "GET /favicon.ico HTTP/1.1" 404 -
::ffff:127.0.0.1 - - [11/Jun/2026 11:42:16] "GET / HTTP/1.1" 304 -
::ffff:127.0.0.1 - - [11/Jun/2026 11:42:16] "GET /Color_Jewel.contract.json HTTP/1.1" 200 -
::ffff:127.0.0.1 - - [11/Jun/2026 11:42:16] "GET /src/assets/jewel_soket.png HTTP/1.1" 304 -
::ffff:127.0.0.1 - - [11/Jun/2026 11:45:54] "GET / HTTP/1.1" 304 -
::ffff:127.0.0.1 - - [11/Jun/2026 11:45:54] "GET /scene-renderer.js HTTP/1.1" 304 -
::ffff:127.0.0.1 - - [11/Jun/2026 11:45:54] "GET /Color_Jewel.contract.json HTTP/1.1" 200 -
::ffff:127.0.0.1 - - [11/Jun/2026 11:45:55] "GET /src/assets/jewel_soket.png HTTP/1.1" 304 -
::ffff:127.0.0.1 - - [11/Jun/2026 11:52:45] "GET / HTTP/1.1" 304 -
::ffff:127.0.0.1 - - [11/Jun/2026 11:52:46] "GET /sound.js HTTP/1.1" 304 -
::ffff:127.0.0.1 - - [11/Jun/2026 11:52:46] "GET /scene-renderer.js HTTP/1.1" 304 -
::ffff:127.0.0.1 - - [11/Jun/2026 11:52:46] "GET /Color_Jewel.contract.json HTTP/1.1" 200 -
::ffff:127.0.0.1 - - [11/Jun/2026 11:52:46] "GET /src/assets/PictoIcon_Setting_1.webp HTTP/1.1" 304 -
::ffff:127.0.0.1 - - [11/Jun/2026 11:52:46] "GET /src/assets/PictoIcon_Player_Play.Png HTTP/1.1" 304 -
::ffff:127.0.0.1 - - [11/Jun/2026 11:52:46] "GET /src/assets/jewel_soket.png HTTP/1.1" 304 -
::ffff:127.0.0.1 - - [11/Jun/2026 11:52:50] code 404, message File not found
::ffff:127.0.0.1 - - [11/Jun/2026 11:52:50] "GET /favicon.ico HTTP/1.1" 404 -
::ffff:127.0.0.1 - - [11/Jun/2026 11:57:57] "GET / HTTP/1.1" 304 -
::ffff:127.0.0.1 - - [11/Jun/2026 11:57:57] "GET /Color_Jewel.contract.json HTTP/1.1" 200 -
::ffff:127.0.0.1 - - [11/Jun/2026 11:57:57] "GET /src/assets/jewel_soket.png HTTP/1.1" 304 -
::1 - - [11/Jun/2026 12:24:37] "GET / HTTP/1.1" 200 -
::1 - - [11/Jun/2026 12:24:37] "GET /sound.js HTTP/1.1" 304 -
::1 - - [11/Jun/2026 12:24:37] "GET /scene-renderer.js HTTP/1.1" 200 -
::1 - - [11/Jun/2026 12:24:37] "GET /Color_Jewel.contract.json HTTP/1.1" 200 -
::1 - - [11/Jun/2026 12:24:37] "GET /src/assets/PictoIcon_Setting_1.webp HTTP/1.1" 304 -
::1 - - [11/Jun/2026 12:24:37] "GET /src/assets/PictoIcon_Player_Play.Png HTTP/1.1" 304 -
::1 - - [11/Jun/2026 12:24:37] "GET /src/assets/jewel_soket.png HTTP/1.1" 200 -
::1 - - [11/Jun/2026 12:25:34] "GET /setting.contract.json HTTP/1.1" 200 -
::1 - - [11/Jun/2026 12:25:34] "GET /src/assets/PictoIcon_Sfx_Off.Png HTTP/1.1" 304 -
::1 - - [11/Jun/2026 12:25:34] "GET /src/assets/Haptics_off.png HTTP/1.1" 304 -
::1 - - [11/Jun/2026 12:25:34] "GET /src/assets/PictoIcon_Music_On.Png HTTP/1.1" 304 -
::1 - - [11/Jun/2026 12:25:34] "GET /src/assets/PictoIcon_Sfx_On.Png HTTP/1.1" 304 -
::1 - - [11/Jun/2026 12:25:34] "GET /src/assets/PictoIcon_Music_Off.Png HTTP/1.1" 304 -
::1 - - [11/Jun/2026 12:25:34] "GET /src/assets/Haptics.png HTTP/1.1" 304 -
::1 - - [11/Jun/2026 13:31:57] "GET /Color_Jewel.contract.json HTTP/1.1" 200 -
::1 - - [11/Jun/2026 13:31:57] "GET /src/assets/PictoIcon_Setting_1.webp HTTP/1.1" 304 -
::1 - - [11/Jun/2026 13:31:57] "GET /src/assets/PictoIcon_Player_Play.Png HTTP/1.1" 304 -
::1 - - [11/Jun/2026 13:32:53] "GET / HTTP/1.1" 200 -
::1 - - [11/Jun/2026 13:32:55] "GET /sound.js HTTP/1.1" 304 -
::1 - - [11/Jun/2026 13:32:55] "GET /Color_Jewel.contract.json HTTP/1.1" 200 -
::1 - - [11/Jun/2026 13:32:55] "GET /scene-renderer.js HTTP/1.1" 200 -
::1 - - [11/Jun/2026 13:32:55] "GET /src/assets/jewel_soket.png HTTP/1.1" 200 -
::1 - - [11/Jun/2026 13:33:30] "GET / HTTP/1.1" 304 -
::1 - - [11/Jun/2026 13:33:31] "GET /Color_Jewel.contract.json HTTP/1.1" 200 -
::1 - - [11/Jun/2026 13:33:39] "GET / HTTP/1.1" 304 -
::1 - - [11/Jun/2026 13:33:40] "GET /Color_Jewel.contract.json HTTP/1.1" 200 -
::1 - - [11/Jun/2026 13:49:30] "GET / HTTP/1.1" 304 -
::1 - - [11/Jun/2026 13:49:31] "GET /scene-renderer.js HTTP/1.1" 304 -
::1 - - [11/Jun/2026 13:49:31] "GET /Color_Jewel.contract.json HTTP/1.1" 200 -
::1 - - [11/Jun/2026 13:49:32] "GET /src/assets/jewel_soket.png HTTP/1.1" 304 -
::1 - - [11/Jun/2026 13:49:40] code 404, message File not found
::1 - - [11/Jun/2026 13:49:40] "GET /favicon.ico HTTP/1.1" 404 -
::1 - - [11/Jun/2026 13:49:41] "GET / HTTP/1.1" 304 -
::1 - - [11/Jun/2026 13:49:41] "GET /Color_Jewel.contract.json HTTP/1.1" 200 -
::1 - - [11/Jun/2026 13:55:28] "GET / HTTP/1.1" 200 -
::1 - - [11/Jun/2026 13:55:28] "GET /sound.js HTTP/1.1" 304 -
::1 - - [11/Jun/2026 13:55:29] "GET /Color_Jewel.contract.json HTTP/1.1" 200 -
::1 - - [11/Jun/2026 13:55:29] "GET /src/assets/PictoIcon_Setting_1.webp HTTP/1.1" 304 -
::1 - - [11/Jun/2026 13:55:29] "GET /src/assets/PictoIcon_Player_Play.Png HTTP/1.1" 304 -
::1 - - [11/Jun/2026 14:01:11] "GET / HTTP/1.1" 200 -
::1 - - [11/Jun/2026 14:01:11] "GET /scene-renderer.js HTTP/1.1" 304 -
::1 - - [11/Jun/2026 14:01:11] "GET /Color_Jewel.contract.json HTTP/1.1" 200 -
::1 - - [11/Jun/2026 14:01:12] "GET /src/assets/jewel_soket_outline.png HTTP/1.1" 200 -
::1 - - [11/Jun/2026 14:05:09] "GET / HTTP/1.1" 200 -
::1 - - [11/Jun/2026 14:05:09] "GET /Color_Jewel.contract.json HTTP/1.1" 200 -
::1 - - [11/Jun/2026 14:05:10] "GET /src/assets/jewel_soket_outline.png HTTP/1.1" 304 -
::1 - - [11/Jun/2026 14:05:10] "GET /src/assets/jewel_soket.png HTTP/1.1" 304 -
::1 - - [11/Jun/2026 14:06:00] "GET / HTTP/1.1" 200 -
::1 - - [11/Jun/2026 14:06:01] "GET /Color_Jewel.contract.json HTTP/1.1" 200 -
::1 - - [11/Jun/2026 14:06:01] "GET /src/assets/jewel_soket_outline.png HTTP/1.1" 304 -
::1 - - [11/Jun/2026 14:06:13] "GET /setting.contract.json HTTP/1.1" 200 -
::1 - - [11/Jun/2026 14:06:13] code 404, message File not found
::1 - - [11/Jun/2026 14:06:13] "GET /favicon.ico HTTP/1.1" 404 -
::1 - - [11/Jun/2026 14:06:13] "GET /src/assets/PictoIcon_Sfx_On.Png HTTP/1.1" 304 -
::1 - - [11/Jun/2026 14:06:13] "GET /src/assets/PictoIcon_Music_Off.Png HTTP/1.1" 304 -
::1 - - [11/Jun/2026 14:06:13] "GET /src/assets/PictoIcon_Music_On.Png HTTP/1.1" 304 -
::1 - - [11/Jun/2026 14:06:13] "GET /src/assets/Haptics_off.png HTTP/1.1" 304 -
::1 - - [11/Jun/2026 14:06:13] "GET /src/assets/PictoIcon_Sfx_Off.Png HTTP/1.1" 304 -
::1 - - [11/Jun/2026 14:06:13] "GET /src/assets/Haptics.png HTTP/1.1" 304 -
::1 - - [11/Jun/2026 14:30:52] "GET / HTTP/1.1" 304 -
::1 - - [11/Jun/2026 14:30:53] "GET /sound.js HTTP/1.1" 304 -
::1 - - [11/Jun/2026 14:30:53] "GET /scene-renderer.js HTTP/1.1" 304 -
::1 - - [11/Jun/2026 14:30:53] "GET /Color_Jewel.contract.json HTTP/1.1" 200 -
::1 - - [11/Jun/2026 14:30:53] "GET /src/assets/PictoIcon_Setting_1.webp HTTP/1.1" 304 -
::1 - - [11/Jun/2026 14:30:53] "GET /src/assets/PictoIcon_Player_Play.Png HTTP/1.1" 304 -
::1 - - [11/Jun/2026 14:30:53] "GET /src/assets/jewel_soket.png HTTP/1.1" 304 -
::1 - - [11/Jun/2026 14:30:53] "GET /src/assets/jewel_soket_outline.png HTTP/1.1" 304 -
::1 - - [11/Jun/2026 14:31:58] "GET / HTTP/1.1" 304 -
::1 - - [11/Jun/2026 14:31:58] "GET /Color_Jewel.contract.json HTTP/1.1" 200 -
::1 - - [11/Jun/2026 14:32:08] "GET / HTTP/1.1" 304 -
::1 - - [11/Jun/2026 14:32:08] "GET /Color_Jewel.contract.json HTTP/1.1" 200 -
::1 - - [11/Jun/2026 14:32:11] "GET / HTTP/1.1" 304 -
::1 - - [11/Jun/2026 14:32:12] "GET /Color_Jewel.contract.json HTTP/1.1" 200 -
::1 - - [11/Jun/2026 14:32:39] "GET / HTTP/1.1" 304 -
::1 - - [11/Jun/2026 14:32:41] "GET /Color_Jewel.contract.json HTTP/1.1" 200 -
::1 - - [11/Jun/2026 14:37:08] "GET / HTTP/1.1" 200 -
::1 - - [11/Jun/2026 14:37:08] "GET /Color_Jewel.contract.json HTTP/1.1" 200 -
::1 - - [11/Jun/2026 14:37:09] "GET /src/assets/clean.png?v=20260611-1 HTTP/1.1" 200 -
::1 - - [11/Jun/2026 14:37:09] "GET /src/assets/magic.png?v=20260611-1 HTTP/1.1" 200 -
::1 - - [11/Jun/2026 14:37:09] "GET /src/assets/jewel_soket_outline.png HTTP/1.1" 304 -
::1 - - [11/Jun/2026 14:38:29] code 404, message File not found
::1 - - [11/Jun/2026 14:38:29] "GET /favicon.ico HTTP/1.1" 404 -
::1 - - [11/Jun/2026 14:38:29] "GET /setting.contract.json HTTP/1.1" 200 -
::1 - - [11/Jun/2026 14:38:29] "GET /src/assets/PictoIcon_Sfx_Off.Png HTTP/1.1" 304 -
::1 - - [11/Jun/2026 14:38:29] "GET /src/assets/PictoIcon_Sfx_On.Png HTTP/1.1" 304 -
::1 - - [11/Jun/2026 14:38:29] "GET /src/assets/PictoIcon_Music_On.Png HTTP/1.1" 304 -
::1 - - [11/Jun/2026 14:38:29] "GET /src/assets/Haptics_off.png HTTP/1.1" 304 -
::1 - - [11/Jun/2026 14:38:29] "GET /src/assets/PictoIcon_Music_Off.Png HTTP/1.1" 304 -
::1 - - [11/Jun/2026 14:38:29] "GET /src/assets/Haptics.png HTTP/1.1" 304 -
::1 - - [11/Jun/2026 14:54:11] "GET / HTTP/1.1" 304 -
::1 - - [11/Jun/2026 14:54:11] "GET /scene-renderer.js HTTP/1.1" 304 -
::1 - - [11/Jun/2026 14:54:11] "GET /Color_Jewel.contract.json HTTP/1.1" 200 -
::1 - - [11/Jun/2026 14:54:12] "GET /src/assets/jewel_soket_outline.png HTTP/1.1" 304 -
::1 - - [11/Jun/2026 14:54:12] "GET /src/assets/jewel_soket.png HTTP/1.1" 304 -
::1 - - [11/Jun/2026 14:54:54] "GET / HTTP/1.1" 304 -
::1 - - [11/Jun/2026 14:54:54] "GET /Color_Jewel.contract.json HTTP/1.1" 200 -
::1 - - [11/Jun/2026 14:54:55] "GET / HTTP/1.1" 304 -
::1 - - [11/Jun/2026 14:54:55] "GET /Color_Jewel.contract.json HTTP/1.1" 200 -
::1 - - [11/Jun/2026 14:56:39] "GET / HTTP/1.1" 304 -
::1 - - [11/Jun/2026 14:56:39] "GET /Color_Jewel.contract.json HTTP/1.1" 200 -
::1 - - [11/Jun/2026 14:57:29] "GET / HTTP/1.1" 304 -
::1 - - [11/Jun/2026 14:57:30] "GET /Color_Jewel.contract.json HTTP/1.1" 200 -
::1 - - [11/Jun/2026 14:57:31] "GET / HTTP/1.1" 304 -
::1 - - [11/Jun/2026 14:57:32] "GET /Color_Jewel.contract.json HTTP/1.1" 200 -
::1 - - [11/Jun/2026 14:59:16] "GET / HTTP/1.1" 200 -
::1 - - [11/Jun/2026 14:59:17] "GET /sound.js HTTP/1.1" 304 -
::1 - - [11/Jun/2026 14:59:17] "GET /Color_Jewel.contract.json HTTP/1.1" 200 -
::1 - - [11/Jun/2026 14:59:17] "GET /src/assets/PictoIcon_Setting_1.webp HTTP/1.1" 304 -
::1 - - [11/Jun/2026 14:59:17] "GET /src/assets/rock.png?v=20260611-1 HTTP/1.1" 200 -
::1 - - [11/Jun/2026 14:59:17] "GET /src/assets/PictoIcon_Player_Play.Png HTTP/1.1" 304 -
::1 - - [11/Jun/2026 15:00:34] "GET / HTTP/1.1" 304 -
::1 - - [11/Jun/2026 15:00:34] "GET /Color_Jewel.contract.json HTTP/1.1" 200 -
::1 - - [11/Jun/2026 15:00:34] "GET /src/assets/rock.png?v=20260611-1 HTTP/1.1" 200 -
::1 - - [11/Jun/2026 15:00:34] "GET /src/assets/jewel_soket_outline.png HTTP/1.1" 304 -
::1 - - [11/Jun/2026 15:07:12] "GET / HTTP/1.1" 200 -
::1 - - [11/Jun/2026 15:07:14] "GET /Color_Jewel.contract.json?v=20260611-1 HTTP/1.1" 200 -
::1 - - [11/Jun/2026 15:07:14] "GET /src/assets/rock.png?v=20260611-1 HTTP/1.1" 304 -
::1 - - [11/Jun/2026 15:07:14] "GET /src/assets/jewel_soket_outline.png HTTP/1.1" 304 -
::ffff:127.0.0.1 - - [11/Jun/2026 15:08:08] "GET /Color_Jewel.contract.json HTTP/1.1" 200 -
::ffff:127.0.0.1 - - [11/Jun/2026 15:08:08] "GET /src/assets/rock.png?v=20260611-1 HTTP/1.1" 200 -
::ffff:127.0.0.1 - - [11/Jun/2026 15:08:08] "GET /src/assets/PictoIcon_Setting_1.webp HTTP/1.1" 304 -
::ffff:127.0.0.1 - - [11/Jun/2026 15:08:08] "GET /src/assets/jewel_soket.png HTTP/1.1" 304 -
::ffff:127.0.0.1 - - [11/Jun/2026 15:08:08] "GET /src/assets/PictoIcon_Player_Play.Png HTTP/1.1" 304 -
::1 - - [11/Jun/2026 15:09:55] "GET / HTTP/1.1" 304 -
::1 - - [11/Jun/2026 15:09:56] "GET /scene-renderer.js HTTP/1.1" 304 -
::1 - - [11/Jun/2026 15:09:56] "GET /Color_Jewel.contract.json?v=20260611-1 HTTP/1.1" 200 -
::1 - - [11/Jun/2026 15:09:56] "GET /src/assets/rock.png?v=20260611-1 HTTP/1.1" 304 -
::1 - - [11/Jun/2026 15:10:31] "GET / HTTP/1.1" 304 -
::1 - - [11/Jun/2026 15:10:31] "GET /Color_Jewel.contract.json?v=20260611-1 HTTP/1.1" 200 -
::1 - - [11/Jun/2026 15:10:42] "GET /Color_Jewel.contract.json?v=20260611-1 HTTP/1.1" 200 -
::1 - - [11/Jun/2026 15:10:52] code 404, message File not found
::1 - - [11/Jun/2026 15:10:52] "GET /favicon.ico HTTP/1.1" 404 -
::1 - - [11/Jun/2026 15:11:06] "GET /Stage_Clear.contract.json HTTP/1.1" 200 -
::1 - - [11/Jun/2026 15:11:06] "GET /src/assets/label.png HTTP/1.1" 200 -
::1 - - [11/Jun/2026 15:31:20] "GET / HTTP/1.1" 200 -
::1 - - [11/Jun/2026 15:31:20] "GET /sound.js HTTP/1.1" 304 -
::1 - - [11/Jun/2026 15:31:21] "GET /Color_Jewel.contract.json?v=20260611-1 HTTP/1.1" 200 -
::1 - - [11/Jun/2026 15:31:21] "GET /scene-renderer.js HTTP/1.1" 304 -
::1 - - [11/Jun/2026 15:31:21] "GET /src/assets/PictoIcon_Setting_1.webp HTTP/1.1" 304 -
::1 - - [11/Jun/2026 15:31:21] "GET /src/assets/rock.png?v=20260611-1 HTTP/1.1" 304 -
::1 - - [11/Jun/2026 15:31:21] "GET /src/assets/PictoIcon_Player_Play.Png HTTP/1.1" 304 -
::1 - - [11/Jun/2026 15:31:21] "GET /src/assets/jewel_soket_outline.png HTTP/1.1" 304 -
::1 - - [11/Jun/2026 15:31:21] "GET /src/assets/jewel_soket.png HTTP/1.1" 304 -
::1 - - [11/Jun/2026 15:38:06] "GET / HTTP/1.1" 304 -
::1 - - [11/Jun/2026 15:38:07] "GET /Color_Jewel.contract.json?v=20260611-1 HTTP/1.1" 200 -
::1 - - [11/Jun/2026 15:43:36] "GET / HTTP/1.1" 200 -
::1 - - [11/Jun/2026 15:43:37] "GET /Color_Jewel.contract.json?v=20260611-1 HTTP/1.1" 200 -
::1 - - [11/Jun/2026 15:43:37] "GET /src/assets/rock.png?v=1781160217067 HTTP/1.1" 200 -
::1 - - [11/Jun/2026 15:43:37] "GET /src/assets/clean.png?v=1781160217067 HTTP/1.1" 200 -
::1 - - [11/Jun/2026 15:43:37] "GET /src/assets/jewel_soket_outline.png HTTP/1.1" 304 -
::1 - - [11/Jun/2026 15:43:37] "GET /src/assets/magic.png?v=1781160217067 HTTP/1.1" 200 -
::1 - - [11/Jun/2026 15:43:40] code 404, message File not found
::1 - - [11/Jun/2026 15:43:40] "GET /favicon.ico HTTP/1.1" 404 -
::1 - - [11/Jun/2026 16:14:39] "GET /setting.contract.json HTTP/1.1" 200 -
::1 - - [11/Jun/2026 16:14:39] "GET /src/assets/PictoIcon_Sfx_On.Png HTTP/1.1" 304 -
::1 - - [11/Jun/2026 16:14:39] "GET /src/assets/PictoIcon_Sfx_Off.Png HTTP/1.1" 304 -
::1 - - [11/Jun/2026 16:14:39] "GET /src/assets/PictoIcon_Music_On.Png HTTP/1.1" 304 -
::1 - - [11/Jun/2026 16:14:39] "GET /src/assets/Haptics_off.png HTTP/1.1" 304 -
::1 - - [11/Jun/2026 16:14:39] "GET /src/assets/PictoIcon_Music_Off.Png HTTP/1.1" 304 -
::1 - - [11/Jun/2026 16:14:39] "GET /src/assets/Haptics.png HTTP/1.1" 304 -
::1 - - [11/Jun/2026 17:16:19] "GET / HTTP/1.1" 200 -
::1 - - [11/Jun/2026 17:16:20] "GET /sound.js HTTP/1.1" 304 -
::1 - - [11/Jun/2026 17:16:20] "GET /scene-renderer.js HTTP/1.1" 304 -
::1 - - [11/Jun/2026 17:16:20] "GET /Color_Jewel.contract.json?v=20260611-1 HTTP/1.1" 200 -
::1 - - [11/Jun/2026 17:16:20] "GET /src/assets/PictoIcon_Setting_1.webp HTTP/1.1" 304 -
::1 - - [11/Jun/2026 17:16:20] "GET /src/assets/rock.png?v=1781165780396 HTTP/1.1" 200 -
::1 - - [11/Jun/2026 17:16:20] "GET /src/assets/PictoIcon_Player_Play.Png HTTP/1.1" 304 -
::1 - - [11/Jun/2026 17:16:20] "GET /src/assets/magic.png?v=1781165780396 HTTP/1.1" 200 -
::1 - - [11/Jun/2026 17:16:20] "GET /src/assets/clean.png?v=1781165780396 HTTP/1.1" 200 -
::1 - - [11/Jun/2026 17:16:20] "GET /src/assets/jewel_soket_outline.png HTTP/1.1" 304 -
::1 - - [11/Jun/2026 17:16:20] "GET /src/assets/jewel_soket.png HTTP/1.1" 304 -
::1 - - [11/Jun/2026 17:16:22] "GET /setting.contract.json HTTP/1.1" 200 -
::1 - - [11/Jun/2026 17:16:22] code 404, message File not found
::1 - - [11/Jun/2026 17:16:22] "GET /favicon.ico HTTP/1.1" 404 -
::1 - - [11/Jun/2026 17:16:22] "GET /src/assets/PictoIcon_Music_On.Png HTTP/1.1" 304 -
::1 - - [11/Jun/2026 17:16:22] "GET /src/assets/PictoIcon_Sfx_On.Png HTTP/1.1" 304 -
::1 - - [11/Jun/2026 17:16:22] "GET /src/assets/Haptics.png HTTP/1.1" 304 -
::1 - - [11/Jun/2026 17:16:22] "GET /src/assets/Icon_WhiteIcon_check_s.png HTTP/1.1" 200 -
::1 - - [11/Jun/2026 17:16:22] "GET /src/assets/Icon_WhiteIcon_Close.png HTTP/1.1" 200 -
::1 - - [11/Jun/2026 17:30:52] "GET / HTTP/1.1" 200 -
::1 - - [11/Jun/2026 17:30:53] "GET /Color_Jewel.contract.json?v=20260611-1 HTTP/1.1" 200 -
::1 - - [11/Jun/2026 17:30:53] "GET /src/assets/magic.png?v=1781166653058 HTTP/1.1" 200 -
::1 - - [11/Jun/2026 17:30:53] "GET /src/assets/clean.png?v=1781166653058 HTTP/1.1" 200 -
::1 - - [11/Jun/2026 17:30:53] "GET /src/assets/rock.png?v=1781166653058 HTTP/1.1" 200 -
::1 - - [11/Jun/2026 17:30:54] "GET /setting.contract.json HTTP/1.1" 200 -
::1 - - [11/Jun/2026 17:30:55] code 404, message File not found
::1 - - [11/Jun/2026 17:30:55] "GET /favicon.ico HTTP/1.1" 404 -
::1 - - [11/Jun/2026 17:30:55] "GET /src/assets/Icon_WhiteIcon_Close.png?v=20260611-1 HTTP/1.1" 200 -
::1 - - [11/Jun/2026 17:30:55] "GET /src/assets/Icon_WhiteIcon_check_s.png?v=20260611-1 HTTP/1.1" 200 -
::1 - - [11/Jun/2026 17:33:32] "GET / HTTP/1.1" 200 -
::1 - - [11/Jun/2026 17:33:32] "GET /Color_Jewel.contract.json?v=20260611-1 HTTP/1.1" 200 -
::1 - - [11/Jun/2026 17:33:32] "GET /src/assets/rock.png?v=1781166812386 HTTP/1.1" 200 -
::1 - - [11/Jun/2026 17:33:32] "GET /src/assets/clean.png?v=1781166812386 HTTP/1.1" 200 -
::1 - - [11/Jun/2026 17:33:32] "GET /src/assets/magic.png?v=1781166812386 HTTP/1.1" 200 -
::1 - - [11/Jun/2026 17:33:33] "GET /setting.contract.json HTTP/1.1" 200 -
::1 - - [11/Jun/2026 17:33:33] code 404, message File not found
::1 - - [11/Jun/2026 17:33:33] "GET /favicon.ico HTTP/1.1" 404 -
::1 - - [11/Jun/2026 17:38:21] "GET / HTTP/1.1" 200 -
::1 - - [11/Jun/2026 17:38:22] "GET /Color_Jewel.contract.json?v=20260611-1 HTTP/1.1" 200 -
::1 - - [11/Jun/2026 17:38:22] "GET /src/assets/rock.png?v=1781167102232 HTTP/1.1" 200 -
::1 - - [11/Jun/2026 17:38:22] "GET /src/assets/magic.png?v=1781167102232 HTTP/1.1" 200 -
::1 - - [11/Jun/2026 17:38:22] "GET /src/assets/clean.png?v=1781167102232 HTTP/1.1" 200 -
::1 - - [11/Jun/2026 17:38:22] "GET /src/assets/jewel_soket_outline.png HTTP/1.1" 304 -
::1 - - [11/Jun/2026 17:38:26] "GET /setting.contract.json HTTP/1.1" 200 -
::1 - - [11/Jun/2026 17:38:26] code 404, message File not found
::1 - - [11/Jun/2026 17:38:26] "GET /favicon.ico HTTP/1.1" 404 -
::1 - - [11/Jun/2026 17:38:26] "GET /src/assets/Icon_WhiteIcon_check_s.png?v=20260611-1 HTTP/1.1" 304 -
::1 - - [11/Jun/2026 17:38:26] "GET /src/assets/Icon_WhiteIcon_Close.png?v=20260611-1 HTTP/1.1" 304 -
::1 - - [11/Jun/2026 17:40:22] "GET / HTTP/1.1" 200 -
::1 - - [11/Jun/2026 17:40:23] "GET /Color_Jewel.contract.json?v=20260611-1 HTTP/1.1" 200 -
::1 - - [11/Jun/2026 17:40:24] "GET /src/assets/rock.png?v=1781167223859 HTTP/1.1" 200 -
::1 - - [11/Jun/2026 17:40:24] "GET /src/assets/clean.png?v=1781167223859 HTTP/1.1" 200 -
::1 - - [11/Jun/2026 17:40:24] "GET /src/assets/magic.png?v=1781167223859 HTTP/1.1" 200 -
::1 - - [11/Jun/2026 17:40:25] "GET /setting.contract.json HTTP/1.1" 200 -
::1 - - [11/Jun/2026 17:40:25] code 404, message File not found
::1 - - [11/Jun/2026 17:40:25] "GET /favicon.ico HTTP/1.1" 404 -
::1 - - [11/Jun/2026 18:02:26] "GET / HTTP/1.1" 200 -
::1 - - [11/Jun/2026 18:02:27] "GET /sound.js HTTP/1.1" 304 -
::1 - - [11/Jun/2026 18:02:27] "GET /scene-renderer.js HTTP/1.1" 304 -
::1 - - [11/Jun/2026 18:02:27] "GET /Color_Jewel.contract.json?v=20260611-1 HTTP/1.1" 200 -
::1 - - [11/Jun/2026 18:02:27] "GET /src/assets/rock.png?v=1781168547270 HTTP/1.1" 200 -
::1 - - [11/Jun/2026 18:02:27] "GET /src/assets/PictoIcon_Setting_1.webp HTTP/1.1" 304 -
::1 - - [11/Jun/2026 18:02:27] "GET /src/assets/magic.png?v=1781168547270 HTTP/1.1" 200 -
::1 - - [11/Jun/2026 18:02:27] "GET /src/assets/PictoIcon_Player_Play.Png HTTP/1.1" 304 -
::1 - - [11/Jun/2026 18:02:27] "GET /src/assets/jewel_soket.png HTTP/1.1" 304 -
::1 - - [11/Jun/2026 18:02:27] "GET /src/assets/jewel_soket_outline.png HTTP/1.1" 304 -
::1 - - [11/Jun/2026 18:02:28] "GET /src/assets/clean.png?v=1781168547270 HTTP/1.1" 200 -
::1 - - [11/Jun/2026 18:02:29] "GET /setting.contract.json HTTP/1.1" 200 -
::1 - - [11/Jun/2026 18:02:29] "GET /src/assets/PictoIcon_Music_On.Png HTTP/1.1" 304 -
::1 - - [11/Jun/2026 18:02:29] "GET /src/assets/PictoIcon_Sfx_On.Png HTTP/1.1" 304 -
::1 - - [11/Jun/2026 18:02:29] "GET /src/assets/Icon_WhiteIcon_Close.png?v=20260611-1 HTTP/1.1" 304 -
::1 - - [11/Jun/2026 18:02:29] "GET /src/assets/Icon_WhiteIcon_check_s.png HTTP/1.1" 304 -
::1 - - [11/Jun/2026 18:02:29] "GET /src/assets/Haptics.png HTTP/1.1" 304 -
::1 - - [11/Jun/2026 18:02:30] "GET /src/assets/Icon_WhiteIcon_Close.png HTTP/1.1" 304 -
::1 - - [11/Jun/2026 18:02:31] "GET /src/assets/Icon_WhiteIcon_check_s.png?v=20260611-1 HTTP/1.1" 304 -
::1 - - [11/Jun/2026 18:02:31] code 404, message File not found
::1 - - [11/Jun/2026 18:02:31] "GET /favicon.ico HTTP/1.1" 404 -
::1 - - [11/Jun/2026 18:08:53] "GET / HTTP/1.1" 200 -
::1 - - [11/Jun/2026 18:08:54] "GET /Color_Jewel.contract.json?v=20260611-1 HTTP/1.1" 200 -
::1 - - [11/Jun/2026 18:08:54] "GET /src/assets/clean.png?v=1781168934215 HTTP/1.1" 200 -
::1 - - [11/Jun/2026 18:08:54] "GET /src/assets/rock.png?v=1781168934215 HTTP/1.1" 200 -
::1 - - [11/Jun/2026 18:08:54] "GET /src/assets/magic.png?v=1781168934215 HTTP/1.1" 200 -
::1 - - [11/Jun/2026 18:08:55] "GET /setting.contract.json HTTP/1.1" 200 -
::1 - - [11/Jun/2026 18:08:57] code 404, message File not found
::1 - - [11/Jun/2026 18:08:57] "GET /favicon.ico HTTP/1.1" 404 -
::1 - - [11/Jun/2026 18:10:15] "GET / HTTP/1.1" 304 -
::1 - - [11/Jun/2026 18:10:16] "GET /Color_Jewel.contract.json?v=20260611-1 HTTP/1.1" 200 -
::1 - - [11/Jun/2026 18:10:16] "GET /src/assets/rock.png?v=1781169015926 HTTP/1.1" 200 -
::1 - - [11/Jun/2026 18:10:16] "GET /src/assets/clean.png?v=1781169015926 HTTP/1.1" 200 -
::1 - - [11/Jun/2026 18:10:16] "GET /src/assets/magic.png?v=1781169015926 HTTP/1.1" 200 -
::1 - - [11/Jun/2026 18:10:16] "GET /setting.contract.json HTTP/1.1" 200 -
::1 - - [11/Jun/2026 18:10:16] "GET /src/assets/Icon_WhiteIcon_check_s.png HTTP/1.1" 304 -
::1 - - [11/Jun/2026 18:10:16] "GET /src/assets/Icon_WhiteIcon_Close.png HTTP/1.1" 304 -
::1 - - [11/Jun/2026 18:10:16] code 404, message File not found
::1 - - [11/Jun/2026 18:10:16] "GET /favicon.ico HTTP/1.1" 404 -
::1 - - [11/Jun/2026 18:10:52] "GET / HTTP/1.1" 304 -
::1 - - [11/Jun/2026 18:10:52] "GET /Color_Jewel.contract.json?v=20260611-1 HTTP/1.1" 200 -
::1 - - [11/Jun/2026 18:10:53] "GET /src/assets/rock.png?v=1781169052814 HTTP/1.1" 200 -
::1 - - [11/Jun/2026 18:10:53] "GET /src/assets/clean.png?v=1781169052814 HTTP/1.1" 200 -
::1 - - [11/Jun/2026 18:10:53] "GET /src/assets/magic.png?v=1781169052814 HTTP/1.1" 200 -
::1 - - [11/Jun/2026 18:10:54] "GET /setting.contract.json HTTP/1.1" 200 -
::1 - - [11/Jun/2026 18:10:54] code 404, message File not found
::1 - - [11/Jun/2026 18:10:54] "GET /favicon.ico HTTP/1.1" 404 -
::1 - - [11/Jun/2026 18:12:53] "GET / HTTP/1.1" 200 -
::1 - - [11/Jun/2026 18:12:54] "GET /sound.js HTTP/1.1" 304 -
::1 - - [11/Jun/2026 18:12:55] "GET /scene-renderer.js HTTP/1.1" 200 -
::1 - - [11/Jun/2026 18:12:55] "GET /Color_Jewel.contract.json?v=20260611-1 HTTP/1.1" 200 -
::1 - - [11/Jun/2026 18:12:55] "GET /src/assets/PictoIcon_Setting_1.webp HTTP/1.1" 304 -
::1 - - [11/Jun/2026 18:12:55] "GET /src/assets/clean.png?v=1781169175557 HTTP/1.1" 200 -
::1 - - [11/Jun/2026 18:12:55] "GET /src/assets/magic.png?v=1781169175557 HTTP/1.1" 200 -
::1 - - [11/Jun/2026 18:12:55] "GET /src/assets/rock.png?v=1781169175557 HTTP/1.1" 200 -
::1 - - [11/Jun/2026 18:12:55] "GET /src/assets/PictoIcon_Player_Play.Png HTTP/1.1" 304 -
::1 - - [11/Jun/2026 18:12:55] "GET /src/assets/jewel_soket.png HTTP/1.1" 304 -
::1 - - [11/Jun/2026 18:12:55] "GET /src/assets/jewel_soket_outline.png HTTP/1.1" 200 -
::1 - - [11/Jun/2026 18:12:56] "GET /setting.contract.json HTTP/1.1" 200 -
::1 - - [11/Jun/2026 18:12:56] "GET /src/assets/Icon_WhiteIcon_Close.png HTTP/1.1" 200 -
::1 - - [11/Jun/2026 18:12:56] "GET /src/assets/PictoIcon_Sfx_On.Png HTTP/1.1" 304 -
::1 - - [11/Jun/2026 18:12:56] "GET /src/assets/Icon_WhiteIcon_check_s.png HTTP/1.1" 200 -
::1 - - [11/Jun/2026 18:12:56] "GET /src/assets/PictoIcon_Music_On.Png HTTP/1.1" 304 -
::1 - - [11/Jun/2026 18:12:56] "GET /src/assets/Haptics.png HTTP/1.1" 304 -
::1 - - [11/Jun/2026 18:13:12] "GET /Color_Jewel.contract.json?v=20260611-1 HTTP/1.1" 200 -
::1 - - [11/Jun/2026 18:13:12] "GET /src/assets/rock.png?v=1781169192668 HTTP/1.1" 200 -
::1 - - [11/Jun/2026 18:13:12] "GET /src/assets/magic.png?v=1781169192668 HTTP/1.1" 200 -
::1 - - [11/Jun/2026 18:13:12] "GET /src/assets/clean.png?v=1781169192668 HTTP/1.1" 200 -
::1 - - [11/Jun/2026 18:13:13] "GET /setting.contract.json HTTP/1.1" 200 -
::1 - - [11/Jun/2026 18:28:32] "GET /src/assets/Icon_WhiteIcon_check_s.png HTTP/1.1" 304 -
::1 - - [11/Jun/2026 18:28:32] "GET /src/assets/Icon_WhiteIcon_Close.png HTTP/1.1" 304 -
::1 - - [11/Jun/2026 18:28:52] "GET / HTTP/1.1" 304 -
::1 - - [11/Jun/2026 18:28:53] "GET /Color_Jewel.contract.json?v=20260611-1 HTTP/1.1" 200 -
::1 - - [11/Jun/2026 18:28:53] "GET /src/assets/clean.png?v=1781170132929 HTTP/1.1" 200 -
::1 - - [11/Jun/2026 18:28:53] "GET /src/assets/rock.png?v=1781170132929 HTTP/1.1" 200 -
::1 - - [11/Jun/2026 18:28:53] "GET /src/assets/magic.png?v=1781170132929 HTTP/1.1" 200 -
::1 - - [11/Jun/2026 18:28:53] "GET /src/assets/jewel_soket_outline.png HTTP/1.1" 304 -
::1 - - [11/Jun/2026 18:28:54] code 404, message File not found
::1 - - [11/Jun/2026 18:28:54] "GET /favicon.ico HTTP/1.1" 404 -
::1 - - [11/Jun/2026 18:33:15] "GET / HTTP/1.1" 200 -
::1 - - [11/Jun/2026 18:33:15] "GET /Color_Jewel.contract.json?v=20260611-1 HTTP/1.1" 200 -
::1 - - [11/Jun/2026 18:33:15] "GET /src/assets/rock.png?v=1781170395312 HTTP/1.1" 200 -
::1 - - [11/Jun/2026 18:33:15] "GET /src/assets/clean.png?v=1781170395312 HTTP/1.1" 200 -
::1 - - [11/Jun/2026 18:33:15] "GET /src/assets/magic.png?v=1781170395312 HTTP/1.1" 200 -
::1 - - [11/Jun/2026 18:33:16] code 404, message File not found
::1 - - [11/Jun/2026 18:33:16] "GET /favicon.ico HTTP/1.1" 404 -
::1 - - [11/Jun/2026 18:36:09] "GET /setting.contract.json HTTP/1.1" 200 -
::1 - - [11/Jun/2026 18:39:35] "GET / HTTP/1.1" 200 -
::1 - - [11/Jun/2026 18:39:36] "GET /Color_Jewel.contract.json?v=20260611-1 HTTP/1.1" 200 -
::1 - - [11/Jun/2026 18:39:36] "GET /scene-renderer.js HTTP/1.1" 304 -
::1 - - [11/Jun/2026 18:39:36] "GET /src/assets/rock.png?v=1781170776229 HTTP/1.1" 200 -
::1 - - [11/Jun/2026 18:39:36] "GET /src/assets/clean.png?v=1781170776229 HTTP/1.1" 200 -
::1 - - [11/Jun/2026 18:39:36] "GET /src/assets/magic.png?v=1781170776229 HTTP/1.1" 200 -
::1 - - [11/Jun/2026 18:39:38] code 404, message File not found
::1 - - [11/Jun/2026 18:39:38] "GET /favicon.ico HTTP/1.1" 404 -
::1 - - [11/Jun/2026 18:42:46] "GET / HTTP/1.1" 200 -
::1 - - [11/Jun/2026 18:42:46] "GET /Color_Jewel.contract.json?v=20260611-1 HTTP/1.1" 200 -
::1 - - [11/Jun/2026 18:42:46] "GET /src/assets/rock.png?v=1781170966455 HTTP/1.1" 200 -
::1 - - [11/Jun/2026 18:42:46] "GET /src/assets/clean.png?v=1781170966455 HTTP/1.1" 200 -
::1 - - [11/Jun/2026 18:42:46] "GET /src/assets/magic.png?v=1781170966455 HTTP/1.1" 200 -
::1 - - [11/Jun/2026 18:42:46] "GET /src/assets/jewel_soket.png HTTP/1.1" 304 -
::1 - - [11/Jun/2026 18:50:40] code 404, message File not found
::1 - - [11/Jun/2026 18:50:40] "GET /favicon.ico HTTP/1.1" 404 -
::1 - - [11/Jun/2026 18:50:40] "GET /setting.contract.json HTTP/1.1" 200 -
::1 - - [11/Jun/2026 18:50:40] code 404, message File not found
::1 - - [11/Jun/2026 18:50:40] "GET /favicon.ico HTTP/1.1" 404 -
::1 - - [11/Jun/2026 18:50:41] "GET /src/assets/Icon_WhiteIcon_check_s.png HTTP/1.1" 304 -
::1 - - [11/Jun/2026 18:50:41] "GET /src/assets/Icon_WhiteIcon_Close.png HTTP/1.1" 304 -
::1 - - [11/Jun/2026 18:58:38] "GET / HTTP/1.1" 304 -
::1 - - [11/Jun/2026 18:58:39] "GET /sound.js HTTP/1.1" 304 -
::1 - - [11/Jun/2026 18:58:39] "GET /Color_Jewel.contract.json?v=20260611-1 HTTP/1.1" 200 -
::1 - - [11/Jun/2026 18:58:39] "GET /src/assets/clean.png?v=1781171919264 HTTP/1.1" 200 -
::1 - - [11/Jun/2026 18:58:39] "GET /src/assets/rock.png?v=1781171919264 HTTP/1.1" 200 -
::1 - - [11/Jun/2026 18:58:39] "GET /src/assets/magic.png?v=1781171919264 HTTP/1.1" 200 -
::1 - - [11/Jun/2026 18:58:39] "GET /src/assets/PictoIcon_Setting_1.webp HTTP/1.1" 304 -
::1 - - [11/Jun/2026 18:58:39] "GET /src/assets/PictoIcon_Player_Play.Png HTTP/1.1" 304 -
::1 - - [11/Jun/2026 18:58:39] "GET /src/assets/jewel_soket_outline.png HTTP/1.1" 304 -
::1 - - [11/Jun/2026 18:58:40] code 404, message File not found
::1 - - [11/Jun/2026 18:58:40] "GET /favicon.ico HTTP/1.1" 404 -
::1 - - [11/Jun/2026 19:00:01] "GET /Stage_Clear.contract.json HTTP/1.1" 200 -
::1 - - [11/Jun/2026 19:00:01] "GET /src/assets/label.png HTTP/1.1" 304 -
::1 - - [11/Jun/2026 19:04:01] "GET / HTTP/1.1" 200 -
::1 - - [11/Jun/2026 19:04:02] "GET /sound.js HTTP/1.1" 304 -
::1 - - [11/Jun/2026 19:04:02] "GET /Color_Jewel.contract.json?v=20260611-1 HTTP/1.1" 200 -
::1 - - [11/Jun/2026 19:04:02] "GET /scene-renderer.js HTTP/1.1" 304 -
::1 - - [11/Jun/2026 19:04:02] "GET /src/assets/clean.png?v=1781172242996 HTTP/1.1" 200 -
::1 - - [11/Jun/2026 19:04:02] "GET /src/assets/PictoIcon_Setting_1.webp HTTP/1.1" 304 -
::1 - - [11/Jun/2026 19:04:02] "GET /src/assets/PictoIcon_Player_Play.Png HTTP/1.1" 304 -
::1 - - [11/Jun/2026 19:04:02] "GET /src/assets/magic.png?v=1781172242996 HTTP/1.1" 200 -
::1 - - [11/Jun/2026 19:04:02] "GET /src/assets/rock.png?v=1781172242996 HTTP/1.1" 200 -
::1 - - [11/Jun/2026 19:04:02] "GET /src/assets/jewel_soket.png HTTP/1.1" 304 -
::1 - - [11/Jun/2026 19:04:02] "GET /src/assets/jewel_soket_outline.png HTTP/1.1" 304 -
::1 - - [11/Jun/2026 19:04:06] "GET /setting.contract.json HTTP/1.1" 200 -
::1 - - [11/Jun/2026 19:04:07] "GET /src/assets/Icon_WhiteIcon_Close.png HTTP/1.1" 304 -
::1 - - [11/Jun/2026 19:04:07] "GET /src/assets/PictoIcon_Music_On.Png HTTP/1.1" 304 -
::1 - - [11/Jun/2026 19:04:07] "GET /src/assets/Haptics.png HTTP/1.1" 304 -
::1 - - [11/Jun/2026 19:04:07] "GET /src/assets/Icon_WhiteIcon_check_s.png HTTP/1.1" 304 -
::1 - - [11/Jun/2026 19:04:07] "GET /src/assets/PictoIcon_Sfx_On.Png HTTP/1.1" 304 -
::1 - - [11/Jun/2026 19:04:28] "GET /Stage_Clear.contract.json HTTP/1.1" 200 -
::1 - - [11/Jun/2026 19:04:29] "GET /src/assets/label.png HTTP/1.1" 304 -
::1 - - [11/Jun/2026 19:07:04] "GET / HTTP/1.1" 200 -
::1 - - [11/Jun/2026 19:07:04] "GET /Color_Jewel.contract.json?v=20260611-1 HTTP/1.1" 200 -
::1 - - [11/Jun/2026 19:07:04] "GET /src/assets/clean.png?v=1781172424481 HTTP/1.1" 200 -
::1 - - [11/Jun/2026 19:07:04] "GET /src/assets/rock.png?v=1781172424481 HTTP/1.1" 200 -
::1 - - [11/Jun/2026 19:07:04] "GET /src/assets/magic.png?v=1781172424481 HTTP/1.1" 200 -
::1 - - [11/Jun/2026 19:07:05] code 404, message File not found
::1 - - [11/Jun/2026 19:07:05] "GET /favicon.ico HTTP/1.1" 404 -
::1 - - [11/Jun/2026 19:07:28] "GET / HTTP/1.1" 304 -
::1 - - [11/Jun/2026 19:07:28] "GET /Color_Jewel.contract.json?v=20260611-1 HTTP/1.1" 200 -
::1 - - [11/Jun/2026 19:07:29] "GET /src/assets/clean.png?v=1781172448775 HTTP/1.1" 200 -
::1 - - [11/Jun/2026 19:07:29] "GET /src/assets/rock.png?v=1781172448775 HTTP/1.1" 200 -
::1 - - [11/Jun/2026 19:07:29] "GET /src/assets/magic.png?v=1781172448775 HTTP/1.1" 200 -
::1 - - [11/Jun/2026 19:07:32] code 404, message File not found
::1 - - [11/Jun/2026 19:07:32] "GET /favicon.ico HTTP/1.1" 404 -
::1 - - [11/Jun/2026 19:11:46] "GET / HTTP/1.1" 200 -
::1 - - [11/Jun/2026 19:11:46] "GET /Color_Jewel.contract.json?v=20260611-1 HTTP/1.1" 200 -
::1 - - [11/Jun/2026 19:11:47] "GET /src/assets/clean.png?v=1781172706760 HTTP/1.1" 200 -
::1 - - [11/Jun/2026 19:11:47] "GET /src/assets/rock.png?v=1781172706760 HTTP/1.1" 200 -
::1 - - [11/Jun/2026 19:11:47] "GET /src/assets/magic.png?v=1781172706760 HTTP/1.1" 200 -
::1 - - [11/Jun/2026 19:11:48] code 404, message File not found
::1 - - [11/Jun/2026 19:11:48] "GET /favicon.ico HTTP/1.1" 404 -
::1 - - [11/Jun/2026 19:13:39] "GET / HTTP/1.1" 200 -
::1 - - [11/Jun/2026 19:13:40] "GET /Color_Jewel.contract.json?v=20260611-1 HTTP/1.1" 200 -
::1 - - [11/Jun/2026 19:13:41] "GET /src/assets/rock.png?v=1781172820904 HTTP/1.1" 200 -
::1 - - [11/Jun/2026 19:13:41] "GET /src/assets/clean.png?v=1781172820904 HTTP/1.1" 200 -
::1 - - [11/Jun/2026 19:13:41] "GET /src/assets/magic.png?v=1781172820904 HTTP/1.1" 200 -
::1 - - [11/Jun/2026 19:13:41] code 404, message File not found
::1 - - [11/Jun/2026 19:13:42] "GET /favicon.ico HTTP/1.1" 404 -
::1 - - [11/Jun/2026 19:15:15] "GET / HTTP/1.1" 200 -
::1 - - [11/Jun/2026 19:15:16] "GET /Color_Jewel.contract.json?v=20260611-1 HTTP/1.1" 200 -
::1 - - [11/Jun/2026 19:15:16] "GET /src/assets/rock.png?v=1781172916079 HTTP/1.1" 200 -
::1 - - [11/Jun/2026 19:15:16] "GET /src/assets/clean.png?v=1781172916079 HTTP/1.1" 200 -
::1 - - [11/Jun/2026 19:15:16] "GET /src/assets/magic.png?v=1781172916079 HTTP/1.1" 200 -
::1 - - [11/Jun/2026 19:15:16] code 404, message File not found
::1 - - [11/Jun/2026 19:15:16] "GET /favicon.ico HTTP/1.1" 404 -
::1 - - [11/Jun/2026 19:20:37] "GET / HTTP/1.1" 200 -
::1 - - [11/Jun/2026 19:20:37] "GET /Color_Jewel.contract.json?v=20260611-1 HTTP/1.1" 200 -
::1 - - [11/Jun/2026 19:20:37] "GET /scene-renderer.js HTTP/1.1" 304 -
::1 - - [11/Jun/2026 19:20:38] "GET /src/assets/rock.png?v=1781173237561 HTTP/1.1" 200 -
::1 - - [11/Jun/2026 19:20:38] "GET /src/assets/clean.png?v=1781173237561 HTTP/1.1" 200 -
::1 - - [11/Jun/2026 19:20:38] "GET /src/assets/magic.png?v=1781173237561 HTTP/1.1" 200 -
::1 - - [11/Jun/2026 19:20:45] code 404, message File not found
::1 - - [11/Jun/2026 19:20:45] "GET /favicon.ico HTTP/1.1" 404 -
::1 - - [11/Jun/2026 19:23:21] "GET / HTTP/1.1" 200 -
::1 - - [11/Jun/2026 19:23:22] "GET /Color_Jewel.contract.json?v=20260611-1 HTTP/1.1" 200 -
::1 - - [11/Jun/2026 19:23:22] "GET /src/assets/clean.png?v=1781173401914 HTTP/1.1" 200 -
::1 - - [11/Jun/2026 19:23:22] "GET /src/assets/rock.png?v=1781173401914 HTTP/1.1" 200 -
::1 - - [11/Jun/2026 19:23:22] "GET /src/assets/magic.png?v=1781173401914 HTTP/1.1" 200 -
::1 - - [11/Jun/2026 19:23:23] code 404, message File not found
::1 - - [11/Jun/2026 19:23:23] "GET /favicon.ico HTTP/1.1" 404 -
::1 - - [11/Jun/2026 19:26:19] "GET / HTTP/1.1" 200 -
::1 - - [11/Jun/2026 19:26:20] "GET /Color_Jewel.contract.json?v=20260611-1 HTTP/1.1" 200 -
::1 - - [11/Jun/2026 19:26:20] "GET /src/assets/clean.png?v=1781173580015 HTTP/1.1" 200 -
::1 - - [11/Jun/2026 19:26:20] "GET /src/assets/rock.png?v=1781173580015 HTTP/1.1" 200 -
::1 - - [11/Jun/2026 19:26:20] "GET /src/assets/magic.png?v=1781173580015 HTTP/1.1" 200 -
::1 - - [11/Jun/2026 19:26:20] "GET /src/assets/jewel_soket.png HTTP/1.1" 304 -
::1 - - [11/Jun/2026 19:26:21] code 404, message File not found
::1 - - [11/Jun/2026 19:26:21] "GET /favicon.ico HTTP/1.1" 404 -
::1 - - [11/Jun/2026 19:32:18] "GET / HTTP/1.1" 200 -
::1 - - [11/Jun/2026 19:32:19] "GET /Color_Jewel.contract.json?v=20260611-1 HTTP/1.1" 200 -
::1 - - [11/Jun/2026 19:32:19] "GET /src/assets/rock.png?v=1781173939444 HTTP/1.1" 200 -
::1 - - [11/Jun/2026 19:32:19] "GET /src/assets/clean.png?v=1781173939444 HTTP/1.1" 200 -
::1 - - [11/Jun/2026 19:32:19] "GET /src/assets/magic.png?v=1781173939444 HTTP/1.1" 200 -
::1 - - [11/Jun/2026 19:32:19] "GET /src/assets/jewel_soket_outline.png HTTP/1.1" 304 -
::1 - - [11/Jun/2026 19:32:21] code 404, message File not found
::1 - - [11/Jun/2026 19:32:21] "GET /favicon.ico HTTP/1.1" 404 -
::1 - - [11/Jun/2026 19:33:25] "GET / HTTP/1.1" 200 -
::1 - - [11/Jun/2026 19:33:26] "GET /Color_Jewel.contract.json?v=20260611-1 HTTP/1.1" 200 -
::1 - - [11/Jun/2026 19:33:26] "GET /src/assets/clean.png?v=1781174005978 HTTP/1.1" 200 -
::1 - - [11/Jun/2026 19:33:26] "GET /src/assets/rock.png?v=1781174005978 HTTP/1.1" 200 -
::1 - - [11/Jun/2026 19:33:26] "GET /src/assets/magic.png?v=1781174005978 HTTP/1.1" 200 -
::1 - - [11/Jun/2026 19:33:26] "GET /src/assets/jewel.png?v=20260611-1 HTTP/1.1" 200 -
::1 - - [11/Jun/2026 19:33:31] "GET / HTTP/1.1" 200 -
::1 - - [11/Jun/2026 19:33:31] "GET /Color_Jewel.contract.json?v=20260611-1 HTTP/1.1" 200 -
::1 - - [11/Jun/2026 19:33:31] "GET /src/assets/rock.png?v=1781174011482 HTTP/1.1" 200 -
::1 - - [11/Jun/2026 19:33:31] "GET /src/assets/clean.png?v=1781174011482 HTTP/1.1" 200 -
::1 - - [11/Jun/2026 19:33:31] "GET /src/assets/magic.png?v=1781174011482 HTTP/1.1" 200 -
::1 - - [11/Jun/2026 19:36:27] "GET / HTTP/1.1" 200 -
::1 - - [11/Jun/2026 19:36:27] "GET /Color_Jewel.contract.json?v=20260611-1 HTTP/1.1" 200 -
::1 - - [11/Jun/2026 19:36:27] "GET /src/assets/rock.png?v=1781174187680 HTTP/1.1" 200 -
::1 - - [11/Jun/2026 19:36:27] "GET /src/assets/clean.png?v=1781174187680 HTTP/1.1" 200 -
::1 - - [11/Jun/2026 19:36:27] "GET /src/assets/magic.png?v=1781174187680 HTTP/1.1" 200 -
::1 - - [11/Jun/2026 19:36:41] "GET / HTTP/1.1" 304 -
::1 - - [11/Jun/2026 19:36:42] "GET /Color_Jewel.contract.json?v=20260611-1 HTTP/1.1" 200 -
::1 - - [11/Jun/2026 19:36:42] "GET /src/assets/rock.png?v=1781174201952 HTTP/1.1" 200 -
::1 - - [11/Jun/2026 19:36:42] "GET /src/assets/clean.png?v=1781174201952 HTTP/1.1" 200 -
::1 - - [11/Jun/2026 19:36:42] "GET /src/assets/magic.png?v=1781174201952 HTTP/1.1" 200 -
::1 - - [11/Jun/2026 19:37:30] "GET / HTTP/1.1" 200 -
::1 - - [11/Jun/2026 19:37:30] "GET /Color_Jewel.contract.json?v=20260611-1 HTTP/1.1" 200 -
::1 - - [11/Jun/2026 19:37:30] "GET /src/assets/rock.png?v=1781174250773 HTTP/1.1" 200 -
::1 - - [11/Jun/2026 19:37:30] "GET /src/assets/clean.png?v=1781174250773 HTTP/1.1" 200 -
::1 - - [11/Jun/2026 19:37:30] "GET /src/assets/magic.png?v=1781174250773 HTTP/1.1" 200 -
::1 - - [11/Jun/2026 19:37:52] "GET / HTTP/1.1" 200 -
::1 - - [11/Jun/2026 19:37:52] "GET /Color_Jewel.contract.json?v=20260611-1 HTTP/1.1" 200 -
::1 - - [11/Jun/2026 19:37:52] "GET /src/assets/rock.png?v=1781174272677 HTTP/1.1" 200 -
::1 - - [11/Jun/2026 19:37:52] "GET /src/assets/clean.png?v=1781174272677 HTTP/1.1" 200 -
::1 - - [11/Jun/2026 19:37:52] "GET /src/assets/magic.png?v=1781174272677 HTTP/1.1" 200 -
::1 - - [11/Jun/2026 19:37:54] code 404, message File not found
::1 - - [11/Jun/2026 19:37:54] "GET /favicon.ico HTTP/1.1" 404 -
::1 - - [11/Jun/2026 19:39:43] "GET / HTTP/1.1" 200 -
::1 - - [11/Jun/2026 19:39:43] "GET /Color_Jewel.contract.json?v=20260611-1 HTTP/1.1" 200 -
::1 - - [11/Jun/2026 19:39:43] "GET /src/assets/clean.png?v=1781174383374 HTTP/1.1" 200 -
::1 - - [11/Jun/2026 19:39:43] "GET /src/assets/rock.png?v=1781174383374 HTTP/1.1" 200 -
::1 - - [11/Jun/2026 19:39:43] "GET /src/assets/magic.png?v=1781174383374 HTTP/1.1" 200 -
::1 - - [11/Jun/2026 19:39:44] code 404, message File not found
::1 - - [11/Jun/2026 19:39:44] "GET /favicon.ico HTTP/1.1" 404 -
::ffff:127.0.0.1 - - [11/Jun/2026 19:40:56] "GET /index.html HTTP/1.1" 200 -
::1 - - [11/Jun/2026 19:44:49] "GET / HTTP/1.1" 200 -
::1 - - [11/Jun/2026 19:44:49] "GET /Color_Jewel.contract.json?v=20260611-1 HTTP/1.1" 200 -
::1 - - [11/Jun/2026 19:44:50] "GET /src/assets/clean.png?v=1781174689737 HTTP/1.1" 200 -
::1 - - [11/Jun/2026 19:44:50] "GET /src/assets/rock.png?v=1781174689737 HTTP/1.1" 200 -
::1 - - [11/Jun/2026 19:44:50] "GET /src/assets/magic.png?v=1781174689737 HTTP/1.1" 200 -
::1 - - [11/Jun/2026 19:44:50] code 404, message File not found
::1 - - [11/Jun/2026 19:44:50] "GET /favicon.ico HTTP/1.1" 404 -
::1 - - [11/Jun/2026 19:45:09] "GET / HTTP/1.1" 304 -
::1 - - [11/Jun/2026 19:45:09] "GET /Color_Jewel.contract.json?v=20260611-1 HTTP/1.1" 200 -
::1 - - [11/Jun/2026 19:45:09] "GET /src/assets/rock.png?v=1781174709230 HTTP/1.1" 200 -
::1 - - [11/Jun/2026 19:45:09] "GET /src/assets/magic.png?v=1781174709230 HTTP/1.1" 200 -
::1 - - [11/Jun/2026 19:45:09] "GET /src/assets/clean.png?v=1781174709230 HTTP/1.1" 200 -
::1 - - [11/Jun/2026 19:45:10] code 404, message File not found
::1 - - [11/Jun/2026 19:45:10] "GET /favicon.ico HTTP/1.1" 404 -
::1 - - [11/Jun/2026 19:50:42] "GET / HTTP/1.1" 304 -
::1 - - [11/Jun/2026 19:50:42] "GET /Color_Jewel.contract.json?v=20260611-1 HTTP/1.1" 200 -
::1 - - [11/Jun/2026 19:50:42] "GET /src/assets/clean.png?v=1781175042284 HTTP/1.1" 200 -
::1 - - [11/Jun/2026 19:50:42] "GET /src/assets/rock.png?v=1781175042284 HTTP/1.1" 200 -
::1 - - [11/Jun/2026 19:50:42] "GET /src/assets/magic.png?v=1781175042284 HTTP/1.1" 200 -
::1 - - [11/Jun/2026 19:50:44] code 404, message File not found
::1 - - [11/Jun/2026 19:50:44] "GET /favicon.ico HTTP/1.1" 404 -
::1 - - [11/Jun/2026 19:53:05] "GET / HTTP/1.1" 200 -
::1 - - [11/Jun/2026 19:53:05] "GET /sound.js HTTP/1.1" 304 -
::1 - - [11/Jun/2026 19:53:06] "GET /Color_Jewel.contract.json?v=20260611-1 HTTP/1.1" 200 -
::1 - - [11/Jun/2026 19:53:06] "GET /src/assets/PictoIcon_Setting_1.webp HTTP/1.1" 304 -
::1 - - [11/Jun/2026 19:53:06] "GET /src/assets/clean.png?v=1781175186072 HTTP/1.1" 200 -
::1 - - [11/Jun/2026 19:53:06] "GET /src/assets/rock.png?v=1781175186072 HTTP/1.1" 200 -
::1 - - [11/Jun/2026 19:53:06] "GET /src/assets/PictoIcon_Player_Play.Png HTTP/1.1" 304 -
::1 - - [11/Jun/2026 19:53:06] "GET /src/assets/magic.png?v=1781175186072 HTTP/1.1" 200 -
::1 - - [11/Jun/2026 19:53:06] code 404, message File not found
::1 - - [11/Jun/2026 19:53:06] "GET /favicon.ico HTTP/1.1" 404 -
::1 - - [11/Jun/2026 19:53:19] "GET / HTTP/1.1" 304 -
::1 - - [11/Jun/2026 19:53:19] "GET /Color_Jewel.contract.json?v=20260611-1 HTTP/1.1" 200 -
::1 - - [11/Jun/2026 19:53:19] "GET /src/assets/clean.png?v=1781175199599 HTTP/1.1" 200 -
::1 - - [11/Jun/2026 19:53:19] "GET /src/assets/rock.png?v=1781175199599 HTTP/1.1" 200 -
::1 - - [11/Jun/2026 19:53:19] "GET /src/assets/magic.png?v=1781175199599 HTTP/1.1" 200 -
::1 - - [11/Jun/2026 19:53:25] code 404, message File not found
::1 - - [11/Jun/2026 19:53:25] "GET /favicon.ico HTTP/1.1" 404 -
::1 - - [11/Jun/2026 19:57:42] "GET / HTTP/1.1" 200 -
::1 - - [11/Jun/2026 19:57:43] "GET /Color_Jewel.contract.json?v=20260611-1 HTTP/1.1" 200 -
::1 - - [11/Jun/2026 19:57:43] "GET /src/assets/rock.png?v=1781175463291 HTTP/1.1" 200 -
::1 - - [11/Jun/2026 19:57:43] "GET /src/assets/clean.png?v=1781175463291 HTTP/1.1" 200 -
::1 - - [11/Jun/2026 19:57:43] "GET /src/assets/magic.png?v=1781175463291 HTTP/1.1" 200 -
::1 - - [11/Jun/2026 19:57:47] "GET / HTTP/1.1" 304 -
::1 - - [11/Jun/2026 19:57:47] "GET /Color_Jewel.contract.json?v=20260611-1 HTTP/1.1" 200 -
::1 - - [11/Jun/2026 19:57:47] "GET /src/assets/rock.png?v=1781175467261 HTTP/1.1" 200 -
::1 - - [11/Jun/2026 19:57:47] "GET /src/assets/clean.png?v=1781175467261 HTTP/1.1" 200 -
::1 - - [11/Jun/2026 19:57:47] "GET /src/assets/magic.png?v=1781175467261 HTTP/1.1" 200 -
::1 - - [11/Jun/2026 19:57:48] code 404, message File not found
::1 - - [11/Jun/2026 19:57:48] "GET /favicon.ico HTTP/1.1" 404 -
::1 - - [11/Jun/2026 20:01:42] "GET / HTTP/1.1" 200 -
::1 - - [11/Jun/2026 20:01:43] "GET /scene-renderer.js HTTP/1.1" 304 -
::1 - - [11/Jun/2026 20:01:43] "GET /Color_Jewel.contract.json?v=20260611-1 HTTP/1.1" 200 -
::1 - - [11/Jun/2026 20:01:43] "GET /src/assets/clean.png?v=1781175703504 HTTP/1.1" 200 -
::1 - - [11/Jun/2026 20:01:43] "GET /src/assets/rock.png?v=1781175703504 HTTP/1.1" 200 -
::1 - - [11/Jun/2026 20:01:43] "GET /src/assets/magic.png?v=1781175703504 HTTP/1.1" 200 -
::1 - - [11/Jun/2026 20:01:46] code 404, message File not found
::1 - - [11/Jun/2026 20:01:46] "GET /favicon.ico HTTP/1.1" 404 -
::1 - - [11/Jun/2026 20:05:42] "GET / HTTP/1.1" 304 -
::1 - - [11/Jun/2026 20:05:43] "GET /Color_Jewel.contract.json?v=20260611-1 HTTP/1.1" 200 -
::1 - - [11/Jun/2026 20:05:43] "GET /src/assets/clean.png?v=1781175943485 HTTP/1.1" 200 -
::1 - - [11/Jun/2026 20:05:43] "GET /src/assets/rock.png?v=1781175943485 HTTP/1.1" 200 -
::1 - - [11/Jun/2026 20:05:43] "GET /src/assets/magic.png?v=1781175943485 HTTP/1.1" 200 -
::1 - - [11/Jun/2026 20:05:43] "GET /src/assets/jewel_soket_outline.png HTTP/1.1" 304 -
::1 - - [11/Jun/2026 20:05:58] code 404, message File not found
::1 - - [11/Jun/2026 20:05:58] "GET /favicon.ico HTTP/1.1" 404 -
::1 - - [11/Jun/2026 20:11:38] "GET / HTTP/1.1" 200 -
::1 - - [11/Jun/2026 20:11:38] "GET /Color_Jewel.contract.json?v=20260611-1 HTTP/1.1" 200 -
::1 - - [11/Jun/2026 20:11:38] "GET /src/assets/rock.png?v=1781176298475 HTTP/1.1" 200 -
::1 - - [11/Jun/2026 20:11:38] "GET /src/assets/clean.png?v=1781176298475 HTTP/1.1" 200 -
::1 - - [11/Jun/2026 20:11:38] "GET /src/assets/magic.png?v=1781176298475 HTTP/1.1" 200 -
::1 - - [11/Jun/2026 20:11:40] code 404, message File not found
::1 - - [11/Jun/2026 20:11:40] "GET /favicon.ico HTTP/1.1" 404 -
::1 - - [11/Jun/2026 20:12:59] "GET / HTTP/1.1" 200 -
::1 - - [11/Jun/2026 20:13:00] "GET /Color_Jewel.contract.json?v=20260611-1 HTTP/1.1" 200 -
::1 - - [11/Jun/2026 20:13:00] "GET /src/assets/rock.png?v=1781176380264 HTTP/1.1" 200 -
::1 - - [11/Jun/2026 20:13:00] "GET /src/assets/magic.png?v=1781176380264 HTTP/1.1" 200 -
::1 - - [11/Jun/2026 20:13:00] "GET /src/assets/clean.png?v=1781176380264 HTTP/1.1" 200 -
::1 - - [11/Jun/2026 20:13:02] code 404, message File not found
::1 - - [11/Jun/2026 20:13:02] "GET /favicon.ico HTTP/1.1" 404 -
::1 - - [11/Jun/2026 20:14:20] "GET / HTTP/1.1" 200 -
::1 - - [11/Jun/2026 20:14:20] "GET /Color_Jewel.contract.json?v=20260611-1 HTTP/1.1" 200 -
::1 - - [11/Jun/2026 20:14:21] "GET /src/assets/magic.png?v=1781176460669 HTTP/1.1" 200 -
::1 - - [11/Jun/2026 20:14:21] "GET /src/assets/rock.png?v=1781176460669 HTTP/1.1" 200 -
::1 - - [11/Jun/2026 20:14:21] "GET /src/assets/clean.png?v=1781176460669 HTTP/1.1" 200 -
::1 - - [11/Jun/2026 20:14:21] "GET /src/assets/jewel_soket.png HTTP/1.1" 304 -
::1 - - [11/Jun/2026 20:14:22] code 404, message File not found
::1 - - [11/Jun/2026 20:14:22] "GET /favicon.ico HTTP/1.1" 404 -
::1 - - [11/Jun/2026 20:33:00] "GET /setting.contract.json HTTP/1.1" 200 -
::1 - - [11/Jun/2026 20:33:00] "GET /src/assets/PictoIcon_Music_On.Png HTTP/1.1" 304 -
::1 - - [11/Jun/2026 20:33:00] "GET /src/assets/Haptics.png HTTP/1.1" 304 -
::1 - - [11/Jun/2026 20:33:00] "GET /src/assets/Icon_WhiteIcon_Close.png HTTP/1.1" 304 -
::1 - - [11/Jun/2026 20:33:00] "GET /src/assets/PictoIcon_Sfx_On.Png HTTP/1.1" 304 -
::1 - - [11/Jun/2026 20:33:00] "GET /src/assets/Icon_WhiteIcon_check_s.png HTTP/1.1" 304 -
::1 - - [11/Jun/2026 20:37:57] "GET / HTTP/1.1" 200 -
::1 - - [11/Jun/2026 20:37:58] "GET /title.contract.json HTTP/1.1" 200 -
::1 - - [11/Jun/2026 20:37:58] "GET /src/assets/title.png HTTP/1.1" 200 -
::1 - - [11/Jun/2026 20:37:58] "GET /src/assets/animation%20(5).png HTTP/1.1" 200 -
::1 - - [11/Jun/2026 20:37:58] "GET /Color_Jewel.contract.json?v=20260611-1 HTTP/1.1" 200 -
::1 - - [11/Jun/2026 20:37:58] "GET /src/assets/magic.png?v=1781177878186 HTTP/1.1" 200 -
::1 - - [11/Jun/2026 20:37:58] "GET /src/assets/rock.png?v=1781177878186 HTTP/1.1" 200 -
::1 - - [11/Jun/2026 20:37:58] "GET /src/assets/clean.png?v=1781177878186 HTTP/1.1" 200 -
::1 - - [11/Jun/2026 20:38:53] "GET / HTTP/1.1" 200 -
::1 - - [11/Jun/2026 20:38:53] "GET /title.contract.json HTTP/1.1" 200 -
::1 - - [11/Jun/2026 20:38:54] "GET /Color_Jewel.contract.json?v=20260611-1 HTTP/1.1" 200 -
::1 - - [11/Jun/2026 20:38:54] "GET /src/assets/clean.png?v=1781177933898 HTTP/1.1" 200 -
::1 - - [11/Jun/2026 20:38:54] "GET /src/assets/rock.png?v=1781177933898 HTTP/1.1" 200 -
::1 - - [11/Jun/2026 20:38:54] "GET /src/assets/magic.png?v=1781177933898 HTTP/1.1" 200 -
::1 - - [11/Jun/2026 20:38:58] "GET / HTTP/1.1" 304 -
::1 - - [11/Jun/2026 20:38:58] "GET /title.contract.json HTTP/1.1" 200 -
::1 - - [11/Jun/2026 20:38:58] "GET /Color_Jewel.contract.json?v=20260611-1 HTTP/1.1" 200 -
::1 - - [11/Jun/2026 20:38:58] "GET /src/assets/clean.png?v=1781177938327 HTTP/1.1" 200 -
::1 - - [11/Jun/2026 20:38:58] "GET /src/assets/magic.png?v=1781177938327 HTTP/1.1" 200 -
::1 - - [11/Jun/2026 20:38:58] "GET /src/assets/rock.png?v=1781177938327 HTTP/1.1" 200 -
::1 - - [11/Jun/2026 20:41:30] "GET / HTTP/1.1" 304 -
::1 - - [11/Jun/2026 20:41:30] "GET /title.contract.json HTTP/1.1" 200 -
::1 - - [11/Jun/2026 20:41:31] "GET /src/assets/title.png HTTP/1.1" 304 -
::1 - - [11/Jun/2026 20:41:31] "GET /Color_Jewel.contract.json?v=20260611-1 HTTP/1.1" 200 -
::1 - - [11/Jun/2026 20:41:31] "GET /src/assets/animation%20(5).png HTTP/1.1" 304 -
::1 - - [11/Jun/2026 20:41:31] "GET /src/assets/rock.png?v=1781178090879 HTTP/1.1" 200 -
::1 - - [11/Jun/2026 20:41:31] "GET /src/assets/clean.png?v=1781178090879 HTTP/1.1" 200 -
::1 - - [11/Jun/2026 20:41:31] "GET /src/assets/magic.png?v=1781178090879 HTTP/1.1" 200 -
::1 - - [11/Jun/2026 20:41:48] "GET / HTTP/1.1" 200 -
::1 - - [11/Jun/2026 20:41:49] "GET /sound.js HTTP/1.1" 200 -
::1 - - [11/Jun/2026 20:41:49] "GET /title.contract.json HTTP/1.1" 200 -
::1 - - [11/Jun/2026 20:41:49] "GET /scene-renderer.js HTTP/1.1" 200 -
::1 - - [11/Jun/2026 20:41:49] code 404, message File not found
::1 - - [11/Jun/2026 20:41:49] "GET /favicon.ico HTTP/1.1" 404 -
::1 - - [11/Jun/2026 20:41:49] "GET /Color_Jewel.contract.json?v=20260611-1 HTTP/1.1" 200 -
::1 - - [11/Jun/2026 20:41:50] "GET /src/assets/magic.png?v=1781178109342 HTTP/1.1" 200 -
::1 - - [11/Jun/2026 20:41:50] "GET /src/assets/clean.png?v=1781178109342 HTTP/1.1" 200 -
::1 - - [11/Jun/2026 20:41:50] "GET /src/assets/rock.png?v=1781178109342 HTTP/1.1" 200 -
::1 - - [11/Jun/2026 20:44:12] "GET / HTTP/1.1" 200 -
::1 - - [11/Jun/2026 20:44:13] "GET /sound.js HTTP/1.1" 200 -
::1 - - [11/Jun/2026 20:44:13] "GET /title.contract.json HTTP/1.1" 200 -
::1 - - [11/Jun/2026 20:44:13] "GET /scene-renderer.js HTTP/1.1" 200 -
::1 - - [11/Jun/2026 20:44:13] code 404, message File not found
::1 - - [11/Jun/2026 20:44:13] "GET /favicon.ico HTTP/1.1" 404 -
::1 - - [11/Jun/2026 20:44:13] "GET /Color_Jewel.contract.json?v=20260611-1 HTTP/1.1" 200 -
::1 - - [11/Jun/2026 20:44:13] "GET /src/assets/animation%20(5).png HTTP/1.1" 304 -
::1 - - [11/Jun/2026 20:44:13] "GET /src/assets/title.png HTTP/1.1" 304 -
::1 - - [11/Jun/2026 20:44:13] "GET /src/assets/clean.png?v=1781178253246 HTTP/1.1" 200 -
::1 - - [11/Jun/2026 20:44:13] "GET /src/assets/rock.png?v=1781178253246 HTTP/1.1" 200 -
::1 - - [11/Jun/2026 20:44:13] "GET /src/assets/jewel_soket_outline.png HTTP/1.1" 304 -
::1 - - [11/Jun/2026 20:44:13] "GET /src/assets/magic.png?v=1781178253246 HTTP/1.1" 200 -
::1 - - [11/Jun/2026 20:46:48] "GET / HTTP/1.1" 200 -
::1 - - [11/Jun/2026 20:46:48] "GET /sound.js HTTP/1.1" 200 -
::1 - - [11/Jun/2026 20:46:48] "GET /title.contract.json HTTP/1.1" 200 -
::1 - - [11/Jun/2026 20:46:48] "GET /scene-renderer.js HTTP/1.1" 200 -
::1 - - [11/Jun/2026 20:46:48] code 404, message File not found
::1 - - [11/Jun/2026 20:46:48] "GET /favicon.ico HTTP/1.1" 404 -
::1 - - [11/Jun/2026 20:46:48] "GET /Color_Jewel.contract.json?v=20260611-1 HTTP/1.1" 200 -
::1 - - [11/Jun/2026 20:46:49] "GET /src/assets/animation%20(5).png HTTP/1.1" 304 -
::1 - - [11/Jun/2026 20:46:49] "GET /src/assets/clean.png?v=1781178408584 HTTP/1.1" 200 -
::1 - - [11/Jun/2026 20:46:49] "GET /src/assets/rock.png?v=1781178408584 HTTP/1.1" 200 -
::1 - - [11/Jun/2026 20:46:49] "GET /src/assets/magic.png?v=1781178408584 HTTP/1.1" 200 -
::1 - - [11/Jun/2026 20:47:34] "GET / HTTP/1.1" 200 -
::1 - - [11/Jun/2026 20:47:34] "GET /sound.js HTTP/1.1" 200 -
::1 - - [11/Jun/2026 20:47:34] "GET /title.contract.json HTTP/1.1" 200 -
::1 - - [11/Jun/2026 20:47:34] "GET /scene-renderer.js HTTP/1.1" 200 -
::1 - - [11/Jun/2026 20:47:34] code 404, message File not found
::1 - - [11/Jun/2026 20:47:34] "GET /favicon.ico HTTP/1.1" 404 -
::1 - - [11/Jun/2026 20:47:35] "GET /Color_Jewel.contract.json?v=20260611-1 HTTP/1.1" 200 -
::1 - - [11/Jun/2026 20:47:35] "GET /src/assets/title.png HTTP/1.1" 304 -
::1 - - [11/Jun/2026 20:47:35] "GET /src/assets/rock.png?v=1781178454841 HTTP/1.1" 200 -
::1 - - [11/Jun/2026 20:47:35] "GET /src/assets/clean.png?v=1781178454841 HTTP/1.1" 200 -
::1 - - [11/Jun/2026 20:47:35] "GET /src/assets/magic.png?v=1781178454841 HTTP/1.1" 200 -
